2024-09-23T17:47:08.591+02:00  INFO 2905735 --- [main] m.p.springdotenv.DotenvPropertySource    : Initializing Dotenv with DotenvConfig{directory=null, filename=null, ignoreIfMalformed=false, ignoreIfMissing=true, systemProperties=false, prefix=null}
2024-09-23T17:47:08.603+02:00  INFO 2905735 --- [main] m.p.springdotenv.DotenvPropertySource    : Initializing Dotenv with DotenvConfig{directory=null, filename=null, ignoreIfMalformed=false, ignoreIfMissing=true, systemProperties=false, prefix=null}
2024-09-23T17:47:08.606+02:00  INFO 2905735 --- [main] org.taniwha.Application                  : Starting Application using Java 18.0.2-ea with PID 2905735 (/pool_discos_hdd/data/datos-danibanez/taniwha/TANIWHA_Backend/target/classes started by danibanez in /pool_discos_hdd/data/datos-danibanez/taniwha/TANIWHA_Backend)
2024-09-23T17:47:08.606+02:00 DEBUG 2905735 --- [main] org.taniwha.Application                  : Running with Spring Boot v3.3.3, Spring v6.1.12
2024-09-23T17:47:08.607+02:00  INFO 2905735 --- [main] org.taniwha.Application                  : No active profile set, falling back to 1 default profile: "default"
2024-09-23T17:47:09.063+02:00  INFO 2905735 --- [main] .s.d.r.c.RepositoryConfigurationDelegate : Bootstrapping Spring Data MongoDB repositories in DEFAULT mode.
2024-09-23T17:47:09.106+02:00  INFO 2905735 --- [main] .s.d.r.c.RepositoryConfigurationDelegate : Finished Spring Data repository scanning in 37 ms. Found 3 MongoDB repository interfaces.
2024-09-23T17:47:09.711+02:00  INFO 2905735 --- [main] o.s.b.w.embedded.tomcat.TomcatWebServer  : Tomcat initialized with port 8088 (http)
2024-09-23T17:47:09.723+02:00  INFO 2905735 --- [main] o.apache.catalina.core.StandardService   : Starting service [Tomcat]
2024-09-23T17:47:09.723+02:00  INFO 2905735 --- [main] o.apache.catalina.core.StandardEngine    : Starting Servlet engine: [Apache Tomcat/10.1.30]
2024-09-23T17:47:09.767+02:00  INFO 2905735 --- [main] o.a.c.c.C.[.[localhost].[/taniwha]       : Initializing Spring embedded WebApplicationContext
2024-09-23T17:47:09.768+02:00  INFO 2905735 --- [main] w.s.c.ServletWebServerApplicationContext : Root WebApplicationContext: initialization completed in 1118 ms
2024-09-23T17:47:09.832+02:00 DEBUG 2905735 --- [main] org.taniwha.security.JwtRequestFilter    : Filter 'jwtRequestFilter' configured for use
2024-09-23T17:47:10.010+02:00  INFO 2905735 --- [main] org.mongodb.driver.client                : MongoClient with metadata {"application": {"name": "Cluster0"}, "driver": {"name": "mongo-java-driver|sync", "version": "5.0.1"}, "os": {"type": "Linux", "name": "Linux", "architecture": "amd64", "version": "6.5.0-14-generic"}, "platform": "Java/Private Build/18.0.2-ea+9-Ubuntu-222.04"} created with settings MongoClientSettings{readPreference=primary, writeConcern=WriteConcern{w=majority, wTimeout=null ms, journal=null}, retryWrites=true, retryReads=true, readConcern=ReadConcern{level=null}, credential=MongoCredential{mechanism=null, userName='danibanez', source='admin', password=<hidden>, mechanismProperties=<hidden>}, transportSettings=null, commandListeners=[], codecRegistry=ProvidersCodecRegistry{codecProviders=[ValueCodecProvider{}, BsonValueCodecProvider{}, DBRefCodecProvider{}, DBObjectCodecProvider{}, DocumentCodecProvider{}, CollectionCodecProvider{}, IterableCodecProvider{}, MapCodecProvider{}, GeoJsonCodecProvider{}, GridFSFileCodecProvider{}, Jsr310CodecProvider{}, JsonObjectCodecProvider{}, BsonCodecProvider{}, EnumCodecProvider{}, com.mongodb.client.model.mql.ExpressionCodecProvider@62b3a2f6, com.mongodb.Jep395RecordCodecProvider@202898d7, com.mongodb.KotlinCodecProvider@317890ea]}, loggerSettings=LoggerSettings{maxDocumentLength=1000}, clusterSettings={hosts=[127.0.0.1:27017], srvHost=cluster0.ousok1o.mongodb.net, srvServiceName=mongodb, mode=MULTIPLE, requiredClusterType=REPLICA_SET, requiredReplicaSetName='atlas-ybqwjd-shard-0', serverSelector='null', clusterListeners='[]', serverSelectionTimeout='30000 ms', localThreshold='15 ms'}, socketSettings=SocketSettings{connectTimeoutMS=10000, readTimeoutMS=0, receiveBufferSize=0, proxySettings=ProxySettings{host=null, port=null, username=null, password=null}}, heartbeatSocketSettings=SocketSettings{connectTimeoutMS=10000, readTimeoutMS=10000, receiveBufferSize=0, proxySettings=ProxySettings{host=null, port=null, username=null, password=null}}, connectionPoolSettings=ConnectionPoolSettings{maxSize=100, minSize=0, maxWaitTimeMS=120000, maxConnectionLifeTimeMS=0, maxConnectionIdleTimeMS=0, maintenanceInitialDelayMS=0, maintenanceFrequencyMS=60000, connectionPoolListeners=[], maxConnecting=2}, serverSettings=ServerSettings{heartbeatFrequencyMS=10000, minHeartbeatFrequencyMS=500, serverListeners='[]', serverMonitorListeners='[]'}, sslSettings=SslSettings{enabled=true, invalidHostNameAllowed=false, context=null}, applicationName='Cluster0', compressorList=[], uuidRepresentation=UNSPECIFIED, serverApi=null, autoEncryptionSettings=null, dnsClient=null, inetAddressResolver=null, contextProvider=null}
2024-09-23T17:47:10.060+02:00  INFO 2905735 --- [cluster-ClusterId{value='66f18d7d3edce47a98e9bad4', description='Cluster0'}-srv-cluster0.ousok1o.mongodb.net] org.mongodb.driver.cluster               : Adding discovered server ac-wk3ugyb-shard-00-01.ousok1o.mongodb.net:27017 to client view of cluster
2024-09-23T17:47:10.097+02:00  INFO 2905735 --- [cluster-ClusterId{value='66f18d7d3edce47a98e9bad4', description='Cluster0'}-srv-cluster0.ousok1o.mongodb.net] org.mongodb.driver.cluster               : Adding discovered server ac-wk3ugyb-shard-00-02.ousok1o.mongodb.net:27017 to client view of cluster
2024-09-23T17:47:10.102+02:00  INFO 2905735 --- [cluster-ClusterId{value='66f18d7d3edce47a98e9bad4', description='Cluster0'}-srv-cluster0.ousok1o.mongodb.net] org.mongodb.driver.cluster               : Adding discovered server ac-wk3ugyb-shard-00-00.ousok1o.mongodb.net:27017 to client view of cluster
2024-09-23T17:47:10.321+02:00 DEBUG 2905735 --- [main] org.taniwha.config.KdcServerConfig       : Work directory already exists: /pool_discos_hdd/data/datos-danibanez/taniwha/TANIWHA_Backend/kerby
2024-09-23T17:47:10.331+02:00  INFO 2905735 --- [main] o.a.k.k.k.i.JsonIdentityBackend          : Initializing the Json identity backend.
2024-09-23T17:47:10.367+02:00  INFO 2905735 --- [main] o.a.k.k.k.i.JsonIdentityBackend          : Loading the identities from json file.
2024-09-23T17:47:10.390+02:00 DEBUG 2905735 --- [main] org.taniwha.config.KdcServerConfig       : krb5.conf file created at: /pool_discos_hdd/data/datos-danibanez/taniwha/TANIWHA_Backend/kerby/krb5.conf
2024-09-23T17:47:10.390+02:00  INFO 2905735 --- [main] org.taniwha.config.KdcServerConfig       : KDC server initialized with realm: TANIWHA-REALM on port: 8089
2024-09-23T17:47:10.401+02:00  INFO 2905735 --- [main] org.taniwha.config.KdcClientConfig       : KDC client initialized for realm: TANIWHA-REALM on KDC host: localhost and port: 8089
2024-09-23T17:47:10.497+02:00  INFO 2905735 --- [main] r$InitializeUserDetailsManagerConfigurer : Global AuthenticationManager configured with UserDetailsService bean with name userService
2024-09-23T17:47:10.548+02:00  INFO 2905735 --- [main] o.s.b.a.w.s.WelcomePageHandlerMapping    : Adding welcome page: class path resource [static/index.html]
2024-09-23T17:47:10.670+02:00  INFO 2905735 --- [main] o.s.s.web.DefaultSecurityFilterChain     : Will secure any request with [org.springframework.security.web.session.DisableEncodeUrlFilter@52285a5f, org.springframework.security.web.context.request.async.WebAsyncManagerIntegrationFilter@4fa5cc73, org.springframework.security.web.context.SecurityContextHolderFilter@258a8584, org.springframework.security.web.header.HeaderWriterFilter@dae5e0, org.springframework.web.filter.CorsFilter@1d8b0500, org.springframework.security.web.authentication.logout.LogoutFilter@6e981e78, org.taniwha.security.JwtRequestFilter@309cedb6, org.springframework.security.web.savedrequest.RequestCacheAwareFilter@553ce348, org.springframework.security.web.servletapi.SecurityContextHolderAwareRequestFilter@222d9d4f, org.springframework.security.web.authentication.AnonymousAuthenticationFilter@224e6e88, org.springframework.security.web.session.SessionManagementFilter@11bdab37, org.springframework.security.web.access.ExceptionTranslationFilter@2c815fdc, org.springframework.security.web.access.intercept.AuthorizationFilter@146f3d22]
2024-09-23T17:47:10.853+02:00  INFO 2905735 --- [main] o.s.b.w.embedded.tomcat.TomcatWebServer  : Tomcat started on port 8088 (http) with context path '/taniwha'
2024-09-23T17:47:10.864+02:00  INFO 2905735 --- [main] org.taniwha.Application                  : Started Application in 2.592 seconds (process running for 2.961)
2024-09-23T17:47:10.868+02:00  INFO 2905735 --- [cluster-ClusterId{value='66f18d7d3edce47a98e9bad4', description='Cluster0'}-ac-wk3ugyb-shard-00-01.ousok1o.mongodb.net:27017] org.mongodb.driver.cluster               : Monitor thread successfully connected to server with description ServerDescription{address=ac-wk3ugyb-shard-00-01.ousok1o.mongodb.net:27017, type=REPLICA_SET_SECONDARY, state=CONNECTED, ok=true, minWireVersion=0, maxWireVersion=21, maxDocumentSize=16777216, logicalSessionTimeoutMinutes=30, roundTripTimeNanos=395625061, setName='atlas-ybqwjd-shard-0', canonicalAddress=ac-wk3ugyb-shard-00-01.ousok1o.mongodb.net:27017, hosts=[ac-wk3ugyb-shard-00-02.ousok1o.mongodb.net:27017, ac-wk3ugyb-shard-00-01.ousok1o.mongodb.net:27017, ac-wk3ugyb-shard-00-00.ousok1o.mongodb.net:27017], passives=[], arbiters=[], primary='ac-wk3ugyb-shard-00-02.ousok1o.mongodb.net:27017', tagSet=TagSet{[Tag{name='availabilityZone', value='use1-az1'}, Tag{name='diskState', value='READY'}, Tag{name='nodeType', value='ELECTABLE'}, Tag{name='provider', value='AWS'}, Tag{name='region', value='US_EAST_1'}, Tag{name='workloadType', value='OPERATIONAL'}]}, electionId=null, setVersion=122, topologyVersion=TopologyVersion{processId=66f0759088adb677341afc18, counter=3}, lastWriteDate=Mon Sep 23 17:47:10 CEST 2024, lastUpdateTimeNanos=20846109423430305}
2024-09-23T17:47:10.868+02:00  INFO 2905735 --- [cluster-ClusterId{value='66f18d7d3edce47a98e9bad4', description='Cluster0'}-ac-wk3ugyb-shard-00-02.ousok1o.mongodb.net:27017] org.mongodb.driver.cluster               : Monitor thread successfully connected to server with description ServerDescription{address=ac-wk3ugyb-shard-00-02.ousok1o.mongodb.net:27017, type=REPLICA_SET_PRIMARY, state=CONNECTED, ok=true, minWireVersion=0, maxWireVersion=21, maxDocumentSize=16777216, logicalSessionTimeoutMinutes=30, roundTripTimeNanos=395577969, setName='atlas-ybqwjd-shard-0', canonicalAddress=ac-wk3ugyb-shard-00-02.ousok1o.mongodb.net:27017, hosts=[ac-wk3ugyb-shard-00-02.ousok1o.mongodb.net:27017, ac-wk3ugyb-shard-00-01.ousok1o.mongodb.net:27017, ac-wk3ugyb-shard-00-00.ousok1o.mongodb.net:27017], passives=[], arbiters=[], primary='ac-wk3ugyb-shard-00-02.ousok1o.mongodb.net:27017', tagSet=TagSet{[Tag{name='availabilityZone', value='use1-az2'}, Tag{name='diskState', value='READY'}, Tag{name='nodeType', value='ELECTABLE'}, Tag{name='provider', value='AWS'}, Tag{name='region', value='US_EAST_1'}, Tag{name='workloadType', value='OPERATIONAL'}]}, electionId=7fffffff000000000000019c, setVersion=122, topologyVersion=TopologyVersion{processId=66f0735984ccb1187c0982cc, counter=6}, lastWriteDate=Mon Sep 23 17:47:10 CEST 2024, lastUpdateTimeNanos=20846109423388062}
2024-09-23T17:47:10.868+02:00  INFO 2905735 --- [cluster-ClusterId{value='66f18d7d3edce47a98e9bad4', description='Cluster0'}-ac-wk3ugyb-shard-00-00.ousok1o.mongodb.net:27017] org.mongodb.driver.cluster               : Monitor thread successfully connected to server with description ServerDescription{address=ac-wk3ugyb-shard-00-00.ousok1o.mongodb.net:27017, type=REPLICA_SET_SECONDARY, state=CONNECTED, ok=true, minWireVersion=0, maxWireVersion=21, maxDocumentSize=16777216, logicalSessionTimeoutMinutes=30, roundTripTimeNanos=395543138, setName='atlas-ybqwjd-shard-0', canonicalAddress=ac-wk3ugyb-shard-00-00.ousok1o.mongodb.net:27017, hosts=[ac-wk3ugyb-shard-00-02.ousok1o.mongodb.net:27017, ac-wk3ugyb-shard-00-01.ousok1o.mongodb.net:27017, ac-wk3ugyb-shard-00-00.ousok1o.mongodb.net:27017], passives=[], arbiters=[], primary='ac-wk3ugyb-shard-00-02.ousok1o.mongodb.net:27017', tagSet=TagSet{[Tag{name='availabilityZone', value='use1-az6'}, Tag{name='diskState', value='READY'}, Tag{name='nodeType', value='ELECTABLE'}, Tag{name='provider', value='AWS'}, Tag{name='region', value='US_EAST_1'}, Tag{name='workloadType', value='OPERATIONAL'}]}, electionId=null, setVersion=122, topologyVersion=TopologyVersion{processId=66f0744d9bf8ede1ce1ed89f, counter=4}, lastWriteDate=Mon Sep 23 17:47:10 CEST 2024, lastUpdateTimeNanos=20846109423480433}
2024-09-23T17:47:10.871+02:00  INFO 2905735 --- [cluster-ClusterId{value='66f18d7d3edce47a98e9bad4', description='Cluster0'}-ac-wk3ugyb-shard-00-02.ousok1o.mongodb.net:27017] org.mongodb.driver.cluster               : Discovered replica set primary ac-wk3ugyb-shard-00-02.ousok1o.mongodb.net:27017 with max election id 7fffffff000000000000019c and max set version 122
2024-09-23T17:47:11.572+02:00 DEBUG 2905735 --- [scheduling-1] o.t.service.NodeHealthCheckService       : Initialized heartbeat for node 66f18d316280391c83413f62 at 2024-09-23T15:47:10.869555262Z
2024-09-23T17:47:54.483+02:00  INFO 2905735 --- [http-nio-8088-exec-1] o.a.c.c.C.[.[localhost].[/taniwha]       : Initializing Spring DispatcherServlet 'dispatcherServlet'
2024-09-23T17:47:54.484+02:00  INFO 2905735 --- [http-nio-8088-exec-1] o.s.web.servlet.DispatcherServlet        : Initializing Servlet 'dispatcherServlet'
2024-09-23T17:47:54.485+02:00  INFO 2905735 --- [http-nio-8088-exec-1] o.s.web.servlet.DispatcherServlet        : Completed initialization in 1 ms
2024-09-23T17:47:54.941+02:00 DEBUG 2905735 --- [http-nio-8088-exec-1] o.t.controller.NodeManagerController     : Heartbeat received for node: 66f18d316280391c83413f62
2024-09-23T17:48:54.721+02:00 DEBUG 2905735 --- [http-nio-8088-exec-4] o.t.controller.NodeManagerController     : Heartbeat received for node: 66f18d316280391c83413f62
2024-09-23T17:49:54.724+02:00 DEBUG 2905735 --- [http-nio-8088-exec-7] o.t.controller.NodeManagerController     : Heartbeat received for node: 66f18d316280391c83413f62
2024-09-23T17:50:54.720+02:00 DEBUG 2905735 --- [http-nio-8088-exec-10] o.t.controller.NodeManagerController     : Heartbeat received for node: 66f18d316280391c83413f62
2024-09-23T17:51:54.723+02:00 DEBUG 2905735 --- [http-nio-8088-exec-3] o.t.controller.NodeManagerController     : Heartbeat received for node: 66f18d316280391c83413f62
2024-09-23T17:52:54.719+02:00 DEBUG 2905735 --- [http-nio-8088-exec-6] o.t.controller.NodeManagerController     : Heartbeat received for node: 66f18d316280391c83413f62
2024-09-23T17:53:54.725+02:00 DEBUG 2905735 --- [http-nio-8088-exec-9] o.t.controller.NodeManagerController     : Heartbeat received for node: 66f18d316280391c83413f62
2024-09-23T17:54:45.399+02:00  INFO 2905735 --- [SpringApplicationShutdownHook] org.taniwha.config.MongoConfig           : Closing mongoDB connection
2024-09-23T17:54:45.400+02:00  INFO 2905735 --- [SpringApplicationShutdownHook] org.taniwha.config.KdcServerConfig       : Cleaning up Kerberos resources
2024-09-23T17:54:45.400+02:00  INFO 2905735 --- [SpringApplicationShutdownHook] a.k.k.k.s.i.DefaultInternalKdcServerImpl : Default Internal kdc server stopped.
2024-09-23T17:59:45.576+02:00  INFO 2917606 --- [main] m.p.springdotenv.DotenvPropertySource    : Initializing Dotenv with DotenvConfig{directory=null, filename=null, ignoreIfMalformed=false, ignoreIfMissing=true, systemProperties=false, prefix=null}
2024-09-23T17:59:45.586+02:00  INFO 2917606 --- [main] m.p.springdotenv.DotenvPropertySource    : Initializing Dotenv with DotenvConfig{directory=null, filename=null, ignoreIfMalformed=false, ignoreIfMissing=true, systemProperties=false, prefix=null}
2024-09-23T17:59:45.590+02:00  INFO 2917606 --- [main] org.taniwha.Application                  : Starting Application using Java 18.0.2-ea with PID 2917606 (/pool_discos_hdd/data/datos-danibanez/taniwha/TANIWHA_Backend/target/classes started by danibanez in /pool_discos_hdd/data/datos-danibanez/taniwha/TANIWHA_Backend)
2024-09-23T17:59:45.590+02:00 DEBUG 2917606 --- [main] org.taniwha.Application                  : Running with Spring Boot v3.3.3, Spring v6.1.12
2024-09-23T17:59:45.591+02:00  INFO 2917606 --- [main] org.taniwha.Application                  : No active profile set, falling back to 1 default profile: "default"
2024-09-23T17:59:45.992+02:00  INFO 2917606 --- [main] .s.d.r.c.RepositoryConfigurationDelegate : Bootstrapping Spring Data MongoDB repositories in DEFAULT mode.
2024-09-23T17:59:46.032+02:00  INFO 2917606 --- [main] .s.d.r.c.RepositoryConfigurationDelegate : Finished Spring Data repository scanning in 35 ms. Found 3 MongoDB repository interfaces.
2024-09-23T17:59:46.616+02:00  INFO 2917606 --- [main] o.s.b.w.embedded.tomcat.TomcatWebServer  : Tomcat initialized with port 8088 (http)
2024-09-23T17:59:46.627+02:00  INFO 2917606 --- [main] o.apache.catalina.core.StandardService   : Starting service [Tomcat]
2024-09-23T17:59:46.628+02:00  INFO 2917606 --- [main] o.apache.catalina.core.StandardEngine    : Starting Servlet engine: [Apache Tomcat/10.1.30]
2024-09-23T17:59:46.671+02:00  INFO 2917606 --- [main] o.a.c.c.C.[.[localhost].[/taniwha]       : Initializing Spring embedded WebApplicationContext
2024-09-23T17:59:46.671+02:00  INFO 2917606 --- [main] w.s.c.ServletWebServerApplicationContext : Root WebApplicationContext: initialization completed in 1036 ms
2024-09-23T17:59:46.736+02:00 DEBUG 2917606 --- [main] org.taniwha.security.JwtRequestFilter    : Filter 'jwtRequestFilter' configured for use
2024-09-23T17:59:46.919+02:00  INFO 2917606 --- [main] org.mongodb.driver.client                : MongoClient with metadata {"application": {"name": "Cluster0"}, "driver": {"name": "mongo-java-driver|sync", "version": "5.0.1"}, "os": {"type": "Linux", "name": "Linux", "architecture": "amd64", "version": "6.5.0-14-generic"}, "platform": "Java/Private Build/18.0.2-ea+9-Ubuntu-222.04"} created with settings MongoClientSettings{readPreference=primary, writeConcern=WriteConcern{w=majority, wTimeout=null ms, journal=null}, retryWrites=true, retryReads=true, readConcern=ReadConcern{level=null}, credential=MongoCredential{mechanism=null, userName='danibanez', source='admin', password=<hidden>, mechanismProperties=<hidden>}, transportSettings=null, commandListeners=[], codecRegistry=ProvidersCodecRegistry{codecProviders=[ValueCodecProvider{}, BsonValueCodecProvider{}, DBRefCodecProvider{}, DBObjectCodecProvider{}, DocumentCodecProvider{}, CollectionCodecProvider{}, IterableCodecProvider{}, MapCodecProvider{}, GeoJsonCodecProvider{}, GridFSFileCodecProvider{}, Jsr310CodecProvider{}, JsonObjectCodecProvider{}, BsonCodecProvider{}, EnumCodecProvider{}, com.mongodb.client.model.mql.ExpressionCodecProvider@6f25bf88, com.mongodb.Jep395RecordCodecProvider@42ea7565, com.mongodb.KotlinCodecProvider@7b5cc918]}, loggerSettings=LoggerSettings{maxDocumentLength=1000}, clusterSettings={hosts=[127.0.0.1:27017], srvHost=cluster0.ousok1o.mongodb.net, srvServiceName=mongodb, mode=MULTIPLE, requiredClusterType=REPLICA_SET, requiredReplicaSetName='atlas-ybqwjd-shard-0', serverSelector='null', clusterListeners='[]', serverSelectionTimeout='30000 ms', localThreshold='15 ms'}, socketSettings=SocketSettings{connectTimeoutMS=10000, readTimeoutMS=0, receiveBufferSize=0, proxySettings=ProxySettings{host=null, port=null, username=null, password=null}}, heartbeatSocketSettings=SocketSettings{connectTimeoutMS=10000, readTimeoutMS=10000, receiveBufferSize=0, proxySettings=ProxySettings{host=null, port=null, username=null, password=null}}, connectionPoolSettings=ConnectionPoolSettings{maxSize=100, minSize=0, maxWaitTimeMS=120000, maxConnectionLifeTimeMS=0, maxConnectionIdleTimeMS=0, maintenanceInitialDelayMS=0, maintenanceFrequencyMS=60000, connectionPoolListeners=[], maxConnecting=2}, serverSettings=ServerSettings{heartbeatFrequencyMS=10000, minHeartbeatFrequencyMS=500, serverListeners='[]', serverMonitorListeners='[]'}, sslSettings=SslSettings{enabled=true, invalidHostNameAllowed=false, context=null}, applicationName='Cluster0', compressorList=[], uuidRepresentation=UNSPECIFIED, serverApi=null, autoEncryptionSettings=null, dnsClient=null, inetAddressResolver=null, contextProvider=null}
2024-09-23T17:59:46.956+02:00  INFO 2917606 --- [cluster-ClusterId{value='66f190721197a3054b32db0c', description='Cluster0'}-srv-cluster0.ousok1o.mongodb.net] org.mongodb.driver.cluster               : Adding discovered server ac-wk3ugyb-shard-00-01.ousok1o.mongodb.net:27017 to client view of cluster
2024-09-23T17:59:46.981+02:00  INFO 2917606 --- [cluster-ClusterId{value='66f190721197a3054b32db0c', description='Cluster0'}-srv-cluster0.ousok1o.mongodb.net] org.mongodb.driver.cluster               : Adding discovered server ac-wk3ugyb-shard-00-02.ousok1o.mongodb.net:27017 to client view of cluster
2024-09-23T17:59:46.983+02:00  INFO 2917606 --- [cluster-ClusterId{value='66f190721197a3054b32db0c', description='Cluster0'}-srv-cluster0.ousok1o.mongodb.net] org.mongodb.driver.cluster               : Adding discovered server ac-wk3ugyb-shard-00-00.ousok1o.mongodb.net:27017 to client view of cluster
2024-09-23T17:59:47.244+02:00 DEBUG 2917606 --- [main] org.taniwha.config.KdcServerConfig       : Work directory already exists: /pool_discos_hdd/data/datos-danibanez/taniwha/TANIWHA_Backend/kerby
2024-09-23T17:59:47.255+02:00  INFO 2917606 --- [main] o.a.k.k.k.i.JsonIdentityBackend          : Initializing the Json identity backend.
2024-09-23T17:59:47.293+02:00  INFO 2917606 --- [main] o.a.k.k.k.i.JsonIdentityBackend          : Loading the identities from json file.
2024-09-23T17:59:47.317+02:00 DEBUG 2917606 --- [main] org.taniwha.config.KdcServerConfig       : krb5.conf file created at: /pool_discos_hdd/data/datos-danibanez/taniwha/TANIWHA_Backend/kerby/krb5.conf
2024-09-23T17:59:47.317+02:00  INFO 2917606 --- [main] org.taniwha.config.KdcServerConfig       : KDC server initialized with realm: TANIWHA-REALM on port: 8089
2024-09-23T17:59:47.329+02:00  INFO 2917606 --- [main] org.taniwha.config.KdcClientConfig       : KDC client initialized for realm: TANIWHA-REALM on KDC host: localhost and port: 8089
2024-09-23T17:59:47.439+02:00  INFO 2917606 --- [main] r$InitializeUserDetailsManagerConfigurer : Global AuthenticationManager configured with UserDetailsService bean with name userService
2024-09-23T17:59:47.489+02:00  INFO 2917606 --- [main] o.s.b.a.w.s.WelcomePageHandlerMapping    : Adding welcome page: class path resource [static/index.html]
2024-09-23T17:59:47.631+02:00  INFO 2917606 --- [main] o.s.s.web.DefaultSecurityFilterChain     : Will secure any request with [org.springframework.security.web.session.DisableEncodeUrlFilter@3c9e19de, org.springframework.security.web.context.request.async.WebAsyncManagerIntegrationFilter@12aa381f, org.springframework.security.web.context.SecurityContextHolderFilter@369ad7da, org.springframework.security.web.header.HeaderWriterFilter@429e7914, org.springframework.web.filter.CorsFilter@1e1eeedd, org.springframework.security.web.authentication.logout.LogoutFilter@4af70b83, org.taniwha.security.JwtRequestFilter@3b2553d9, org.springframework.security.web.savedrequest.RequestCacheAwareFilter@3e98b933, org.springframework.security.web.servletapi.SecurityContextHolderAwareRequestFilter@18d610e1, org.springframework.security.web.authentication.AnonymousAuthenticationFilter@6115846e, org.springframework.security.web.session.SessionManagementFilter@5c0e2ec, org.springframework.security.web.access.ExceptionTranslationFilter@150f41b9, org.springframework.security.web.access.intercept.AuthorizationFilter@15e5246]
2024-09-23T17:59:47.718+02:00  INFO 2917606 --- [cluster-ClusterId{value='66f190721197a3054b32db0c', description='Cluster0'}-ac-wk3ugyb-shard-00-01.ousok1o.mongodb.net:27017] org.mongodb.driver.cluster               : Monitor thread successfully connected to server with description ServerDescription{address=ac-wk3ugyb-shard-00-01.ousok1o.mongodb.net:27017, type=REPLICA_SET_SECONDARY, state=CONNECTED, ok=true, minWireVersion=0, maxWireVersion=21, maxDocumentSize=16777216, logicalSessionTimeoutMinutes=30, roundTripTimeNanos=383161141, setName='atlas-ybqwjd-shard-0', canonicalAddress=ac-wk3ugyb-shard-00-01.ousok1o.mongodb.net:27017, hosts=[ac-wk3ugyb-shard-00-02.ousok1o.mongodb.net:27017, ac-wk3ugyb-shard-00-01.ousok1o.mongodb.net:27017, ac-wk3ugyb-shard-00-00.ousok1o.mongodb.net:27017], passives=[], arbiters=[], primary='ac-wk3ugyb-shard-00-02.ousok1o.mongodb.net:27017', tagSet=TagSet{[Tag{name='availabilityZone', value='use1-az1'}, Tag{name='diskState', value='READY'}, Tag{name='nodeType', value='ELECTABLE'}, Tag{name='provider', value='AWS'}, Tag{name='region', value='US_EAST_1'}, Tag{name='workloadType', value='OPERATIONAL'}]}, electionId=null, setVersion=122, topologyVersion=TopologyVersion{processId=66f0759088adb677341afc18, counter=3}, lastWriteDate=Mon Sep 23 17:59:47 CEST 2024, lastUpdateTimeNanos=20846866273177874}
2024-09-23T17:59:47.718+02:00  INFO 2917606 --- [cluster-ClusterId{value='66f190721197a3054b32db0c', description='Cluster0'}-ac-wk3ugyb-shard-00-00.ousok1o.mongodb.net:27017] org.mongodb.driver.cluster               : Monitor thread successfully connected to server with description ServerDescription{address=ac-wk3ugyb-shard-00-00.ousok1o.mongodb.net:27017, type=REPLICA_SET_SECONDARY, state=CONNECTED, ok=true, minWireVersion=0, maxWireVersion=21, maxDocumentSize=16777216, logicalSessionTimeoutMinutes=30, roundTripTimeNanos=383718615, setName='atlas-ybqwjd-shard-0', canonicalAddress=ac-wk3ugyb-shard-00-00.ousok1o.mongodb.net:27017, hosts=[ac-wk3ugyb-shard-00-02.ousok1o.mongodb.net:27017, ac-wk3ugyb-shard-00-01.ousok1o.mongodb.net:27017, ac-wk3ugyb-shard-00-00.ousok1o.mongodb.net:27017], passives=[], arbiters=[], primary='ac-wk3ugyb-shard-00-02.ousok1o.mongodb.net:27017', tagSet=TagSet{[Tag{name='availabilityZone', value='use1-az6'}, Tag{name='diskState', value='READY'}, Tag{name='nodeType', value='ELECTABLE'}, Tag{name='provider', value='AWS'}, Tag{name='region', value='US_EAST_1'}, Tag{name='workloadType', value='OPERATIONAL'}]}, electionId=null, setVersion=122, topologyVersion=TopologyVersion{processId=66f0744d9bf8ede1ce1ed89f, counter=4}, lastWriteDate=Mon Sep 23 17:59:47 CEST 2024, lastUpdateTimeNanos=20846866273177291}
2024-09-23T17:59:47.718+02:00  INFO 2917606 --- [cluster-ClusterId{value='66f190721197a3054b32db0c', description='Cluster0'}-ac-wk3ugyb-shard-00-02.ousok1o.mongodb.net:27017] org.mongodb.driver.cluster               : Monitor thread successfully connected to server with description ServerDescription{address=ac-wk3ugyb-shard-00-02.ousok1o.mongodb.net:27017, type=REPLICA_SET_PRIMARY, state=CONNECTED, ok=true, minWireVersion=0, maxWireVersion=21, maxDocumentSize=16777216, logicalSessionTimeoutMinutes=30, roundTripTimeNanos=383956436, setName='atlas-ybqwjd-shard-0', canonicalAddress=ac-wk3ugyb-shard-00-02.ousok1o.mongodb.net:27017, hosts=[ac-wk3ugyb-shard-00-02.ousok1o.mongodb.net:27017, ac-wk3ugyb-shard-00-01.ousok1o.mongodb.net:27017, ac-wk3ugyb-shard-00-00.ousok1o.mongodb.net:27017], passives=[], arbiters=[], primary='ac-wk3ugyb-shard-00-02.ousok1o.mongodb.net:27017', tagSet=TagSet{[Tag{name='availabilityZone', value='use1-az2'}, Tag{name='diskState', value='READY'}, Tag{name='nodeType', value='ELECTABLE'}, Tag{name='provider', value='AWS'}, Tag{name='region', value='US_EAST_1'}, Tag{name='workloadType', value='OPERATIONAL'}]}, electionId=7fffffff000000000000019c, setVersion=122, topologyVersion=TopologyVersion{processId=66f0735984ccb1187c0982cc, counter=6}, lastWriteDate=Mon Sep 23 17:59:47 CEST 2024, lastUpdateTimeNanos=20846866273177317}
2024-09-23T17:59:47.725+02:00  INFO 2917606 --- [cluster-ClusterId{value='66f190721197a3054b32db0c', description='Cluster0'}-ac-wk3ugyb-shard-00-02.ousok1o.mongodb.net:27017] org.mongodb.driver.cluster               : Discovered replica set primary ac-wk3ugyb-shard-00-02.ousok1o.mongodb.net:27017 with max election id 7fffffff000000000000019c and max set version 122
2024-09-23T17:59:47.833+02:00  INFO 2917606 --- [main] o.s.b.w.embedded.tomcat.TomcatWebServer  : Tomcat started on port 8088 (http) with context path '/taniwha'
2024-09-23T17:59:47.843+02:00  INFO 2917606 --- [main] org.taniwha.Application                  : Started Application in 2.6 seconds (process running for 2.985)
2024-09-23T17:59:48.535+02:00 ERROR 2917606 --- [scheduling-1] o.s.s.s.TaskUtils$LoggingErrorHandler    : Unexpected error occurred in scheduled task

org.springframework.data.mapping.model.MappingInstantiationException: Failed to instantiate org.taniwha.model.NodeInfo using constructor NO_CONSTRUCTOR with arguments 
	at org.springframework.data.mapping.model.ReflectionEntityInstantiator.instantiateClass(ReflectionEntityInstantiator.java:142) ~[spring-data-commons-3.3.3.jar:3.3.3]
	at org.springframework.data.mapping.model.ReflectionEntityInstantiator.createInstance(ReflectionEntityInstantiator.java:57) ~[spring-data-commons-3.3.3.jar:3.3.3]
	at org.springframework.data.mapping.model.ClassGeneratingEntityInstantiator.createInstance(ClassGeneratingEntityInstantiator.java:98) ~[spring-data-commons-3.3.3.jar:3.3.3]
	at org.springframework.data.mongodb.core.convert.MappingMongoConverter.read(MappingMongoConverter.java:535) ~[spring-data-mongodb-4.3.3.jar:4.3.3]
	at org.springframework.data.mongodb.core.convert.MappingMongoConverter.readDocument(MappingMongoConverter.java:503) ~[spring-data-mongodb-4.3.3.jar:4.3.3]
	at org.springframework.data.mongodb.core.convert.MappingMongoConverter.read(MappingMongoConverter.java:439) ~[spring-data-mongodb-4.3.3.jar:4.3.3]
	at org.springframework.data.mongodb.core.convert.MappingMongoConverter.read(MappingMongoConverter.java:435) ~[spring-data-mongodb-4.3.3.jar:4.3.3]
	at org.springframework.data.mongodb.core.convert.MappingMongoConverter.read(MappingMongoConverter.java:125) ~[spring-data-mongodb-4.3.3.jar:4.3.3]
	at org.springframework.data.mongodb.core.MongoTemplate$ReadDocumentCallback.doWith(MongoTemplate.java:3293) ~[spring-data-mongodb-4.3.3.jar:4.3.3]
	at org.springframework.data.mongodb.core.MongoTemplate.executeFindMultiInternal(MongoTemplate.java:2927) ~[spring-data-mongodb-4.3.3.jar:4.3.3]
	at org.springframework.data.mongodb.core.MongoTemplate.doFind(MongoTemplate.java:2604) ~[spring-data-mongodb-4.3.3.jar:4.3.3]
	at org.springframework.data.mongodb.core.MongoTemplate.doFind(MongoTemplate.java:2583) ~[spring-data-mongodb-4.3.3.jar:4.3.3]
	at org.springframework.data.mongodb.core.MongoTemplate.find(MongoTemplate.java:868) ~[spring-data-mongodb-4.3.3.jar:4.3.3]
	at org.springframework.data.mongodb.repository.support.SimpleMongoRepository.findAll(SimpleMongoRepository.java:402) ~[spring-data-mongodb-4.3.3.jar:4.3.3]
	at org.springframework.data.mongodb.repository.support.SimpleMongoRepository.findAll(SimpleMongoRepository.java:144) ~[spring-data-mongodb-4.3.3.jar:4.3.3]
	at java.base/jdk.internal.reflect.DirectMethodHandleAccessor.invoke(DirectMethodHandleAccessor.java:104) ~[na:na]
	at java.base/java.lang.reflect.Method.invoke(Method.java:577) ~[na:na]
	at org.springframework.aop.support.AopUtils.invokeJoinpointUsingReflection(AopUtils.java:355) ~[spring-aop-6.1.12.jar:6.1.12]
	at org.springframework.data.repository.core.support.RepositoryMethodInvoker$RepositoryFragmentMethodInvoker.lambda$new$0(RepositoryMethodInvoker.java:277) ~[spring-data-commons-3.3.3.jar:3.3.3]
	at org.springframework.data.repository.core.support.RepositoryMethodInvoker.doInvoke(RepositoryMethodInvoker.java:170) ~[spring-data-commons-3.3.3.jar:3.3.3]
	at org.springframework.data.repository.core.support.RepositoryMethodInvoker.invoke(RepositoryMethodInvoker.java:158) ~[spring-data-commons-3.3.3.jar:3.3.3]
	at org.springframework.data.repository.core.support.RepositoryComposition$RepositoryFragments.invoke(RepositoryComposition.java:516) ~[spring-data-commons-3.3.3.jar:3.3.3]
	at org.springframework.data.repository.core.support.RepositoryComposition.invoke(RepositoryComposition.java:285) ~[spring-data-commons-3.3.3.jar:3.3.3]
	at org.springframework.data.repository.core.support.RepositoryFactorySupport$ImplementationMethodExecutionInterceptor.invoke(RepositoryFactorySupport.java:628) ~[spring-data-commons-3.3.3.jar:3.3.3]
	at org.springframework.aop.framework.ReflectiveMethodInvocation.proceed(ReflectiveMethodInvocation.java:184) ~[spring-aop-6.1.12.jar:6.1.12]
	at org.springframework.data.repository.core.support.QueryExecutorMethodInterceptor.doInvoke(QueryExecutorMethodInterceptor.java:173) ~[spring-data-commons-3.3.3.jar:3.3.3]
	at org.springframework.data.repository.core.support.QueryExecutorMethodInterceptor.invoke(QueryExecutorMethodInterceptor.java:148) ~[spring-data-commons-3.3.3.jar:3.3.3]
	at org.springframework.aop.framework.ReflectiveMethodInvocation.proceed(ReflectiveMethodInvocation.java:184) ~[spring-aop-6.1.12.jar:6.1.12]
	at org.springframework.data.projection.DefaultMethodInvokingMethodInterceptor.invoke(DefaultMethodInvokingMethodInterceptor.java:70) ~[spring-data-commons-3.3.3.jar:3.3.3]
	at org.springframework.aop.framework.ReflectiveMethodInvocation.proceed(ReflectiveMethodInvocation.java:184) ~[spring-aop-6.1.12.jar:6.1.12]
	at org.springframework.data.mongodb.repository.support.CrudMethodMetadataPostProcessor$CrudMethodMetadataPopulatingMethodInterceptor.invoke(CrudMethodMetadataPostProcessor.java:158) ~[spring-data-mongodb-4.3.3.jar:4.3.3]
	at org.springframework.aop.framework.ReflectiveMethodInvocation.proceed(ReflectiveMethodInvocation.java:184) ~[spring-aop-6.1.12.jar:6.1.12]
	at org.springframework.aop.interceptor.ExposeInvocationInterceptor.invoke(ExposeInvocationInterceptor.java:97) ~[spring-aop-6.1.12.jar:6.1.12]
	at org.springframework.aop.framework.ReflectiveMethodInvocation.proceed(ReflectiveMethodInvocation.java:184) ~[spring-aop-6.1.12.jar:6.1.12]
	at org.springframework.aop.framework.JdkDynamicAopProxy.invoke(JdkDynamicAopProxy.java:223) ~[spring-aop-6.1.12.jar:6.1.12]
	at jdk.proxy2/jdk.proxy2.$Proxy81.findAll(Unknown Source) ~[na:na]
	at java.base/jdk.internal.reflect.DirectMethodHandleAccessor.invoke(DirectMethodHandleAccessor.java:104) ~[na:na]
	at java.base/java.lang.reflect.Method.invoke(Method.java:577) ~[na:na]
	at org.springframework.aop.support.AopUtils.invokeJoinpointUsingReflection(AopUtils.java:355) ~[spring-aop-6.1.12.jar:6.1.12]
	at org.springframework.aop.framework.ReflectiveMethodInvocation.invokeJoinpoint(ReflectiveMethodInvocation.java:196) ~[spring-aop-6.1.12.jar:6.1.12]
	at org.springframework.aop.framework.ReflectiveMethodInvocation.proceed(ReflectiveMethodInvocation.java:163) ~[spring-aop-6.1.12.jar:6.1.12]
	at org.springframework.dao.support.PersistenceExceptionTranslationInterceptor.invoke(PersistenceExceptionTranslationInterceptor.java:138) ~[spring-tx-6.1.12.jar:6.1.12]
	at org.springframework.aop.framework.ReflectiveMethodInvocation.proceed(ReflectiveMethodInvocation.java:184) ~[spring-aop-6.1.12.jar:6.1.12]
	at org.springframework.aop.framework.JdkDynamicAopProxy.invoke(JdkDynamicAopProxy.java:223) ~[spring-aop-6.1.12.jar:6.1.12]
	at jdk.proxy2/jdk.proxy2.$Proxy81.findAll(Unknown Source) ~[na:na]
	at org.taniwha.service.NodeService.getActiveNodes(NodeService.java:100) ~[classes/:na]
	at org.taniwha.service.NodeHealthCheckService.checkNodeHealth(NodeHealthCheckService.java:30) ~[classes/:na]
	at java.base/jdk.internal.reflect.DirectMethodHandleAccessor.invoke(DirectMethodHandleAccessor.java:104) ~[na:na]
	at java.base/java.lang.reflect.Method.invoke(Method.java:577) ~[na:na]
	at org.springframework.scheduling.support.ScheduledMethodRunnable.runInternal(ScheduledMethodRunnable.java:130) ~[spring-context-6.1.12.jar:6.1.12]
	at org.springframework.scheduling.support.ScheduledMethodRunnable.lambda$run$2(ScheduledMethodRunnable.java:124) ~[spring-context-6.1.12.jar:6.1.12]
	at io.micrometer.observation.Observation.observe(Observation.java:499) ~[micrometer-observation-1.13.3.jar:1.13.3]
	at org.springframework.scheduling.support.ScheduledMethodRunnable.run(ScheduledMethodRunnable.java:124) ~[spring-context-6.1.12.jar:6.1.12]
	at org.springframework.scheduling.support.DelegatingErrorHandlingRunnable.run(DelegatingErrorHandlingRunnable.java:54) ~[spring-context-6.1.12.jar:6.1.12]
	at java.base/java.util.concurrent.Executors$RunnableAdapter.call(Executors.java:539) ~[na:na]
	at java.base/java.util.concurrent.FutureTask.runAndReset(FutureTask.java:305) ~[na:na]
	at java.base/java.util.concurrent.ScheduledThreadPoolExecutor$ScheduledFutureTask.run(ScheduledThreadPoolExecutor.java:305) ~[na:na]
	at java.base/java.util.concurrent.ThreadPoolExecutor.runWorker(ThreadPoolExecutor.java:1136) ~[na:na]
	at java.base/java.util.concurrent.ThreadPoolExecutor$Worker.run(ThreadPoolExecutor.java:635) ~[na:na]
	at java.base/java.lang.Thread.run(Thread.java:833) ~[na:na]
Caused by: org.springframework.beans.BeanInstantiationException: Failed to instantiate [org.taniwha.model.NodeInfo]: No default constructor found
	at org.springframework.beans.BeanUtils.instantiateClass(BeanUtils.java:144) ~[spring-beans-6.1.12.jar:6.1.12]
	at org.springframework.data.mapping.model.ReflectionEntityInstantiator.instantiateClass(ReflectionEntityInstantiator.java:139) ~[spring-data-commons-3.3.3.jar:3.3.3]
	... 59 common frames omitted
Caused by: java.lang.NoSuchMethodException: org.taniwha.model.NodeInfo.<init>()
	at java.base/java.lang.Class.getConstructor0(Class.java:3617) ~[na:na]
	at java.base/java.lang.Class.getDeclaredConstructor(Class.java:2786) ~[na:na]
	at org.springframework.beans.BeanUtils.instantiateClass(BeanUtils.java:139) ~[spring-beans-6.1.12.jar:6.1.12]
	... 60 common frames omitted

2024-09-23T17:59:54.481+02:00  INFO 2917606 --- [http-nio-8088-exec-1] o.a.c.c.C.[.[localhost].[/taniwha]       : Initializing Spring DispatcherServlet 'dispatcherServlet'
2024-09-23T17:59:54.482+02:00  INFO 2917606 --- [http-nio-8088-exec-1] o.s.web.servlet.DispatcherServlet        : Initializing Servlet 'dispatcherServlet'
2024-09-23T17:59:54.483+02:00  INFO 2917606 --- [http-nio-8088-exec-1] o.s.web.servlet.DispatcherServlet        : Completed initialization in 1 ms
2024-09-23T17:59:54.950+02:00 DEBUG 2917606 --- [http-nio-8088-exec-1] o.t.controller.NodeManagerController     : Heartbeat received for node: 66f18d316280391c83413f62
2024-09-23T18:00:10.637+02:00  WARN 2917606 --- [http-nio-8088-exec-3] org.taniwha.security.JwtRequestFilter    : JWT Token has expired
2024-09-23T18:00:17.953+02:00  INFO 2917606 --- [SpringApplicationShutdownHook] org.taniwha.config.MongoConfig           : Closing mongoDB connection
2024-09-23T18:00:17.954+02:00  INFO 2917606 --- [SpringApplicationShutdownHook] org.taniwha.config.KdcServerConfig       : Cleaning up Kerberos resources
2024-09-23T18:00:17.954+02:00  INFO 2917606 --- [SpringApplicationShutdownHook] a.k.k.k.s.i.DefaultInternalKdcServerImpl : Default Internal kdc server stopped.
2024-09-23T18:00:21.720+02:00  INFO 2918576 --- [main] m.p.springdotenv.DotenvPropertySource    : Initializing Dotenv with DotenvConfig{directory=null, filename=null, ignoreIfMalformed=false, ignoreIfMissing=true, systemProperties=false, prefix=null}
2024-09-23T18:00:21.731+02:00  INFO 2918576 --- [main] m.p.springdotenv.DotenvPropertySource    : Initializing Dotenv with DotenvConfig{directory=null, filename=null, ignoreIfMalformed=false, ignoreIfMissing=true, systemProperties=false, prefix=null}
2024-09-23T18:00:21.734+02:00  INFO 2918576 --- [main] org.taniwha.Application                  : Starting Application using Java 18.0.2-ea with PID 2918576 (/pool_discos_hdd/data/datos-danibanez/taniwha/TANIWHA_Backend/target/classes started by danibanez in /pool_discos_hdd/data/datos-danibanez/taniwha/TANIWHA_Backend)
2024-09-23T18:00:21.735+02:00 DEBUG 2918576 --- [main] org.taniwha.Application                  : Running with Spring Boot v3.3.3, Spring v6.1.12
2024-09-23T18:00:21.735+02:00  INFO 2918576 --- [main] org.taniwha.Application                  : No active profile set, falling back to 1 default profile: "default"
2024-09-23T18:00:22.138+02:00  INFO 2918576 --- [main] .s.d.r.c.RepositoryConfigurationDelegate : Bootstrapping Spring Data MongoDB repositories in DEFAULT mode.
2024-09-23T18:00:22.183+02:00  INFO 2918576 --- [main] .s.d.r.c.RepositoryConfigurationDelegate : Finished Spring Data repository scanning in 40 ms. Found 3 MongoDB repository interfaces.
2024-09-23T18:00:22.804+02:00  INFO 2918576 --- [main] o.s.b.w.embedded.tomcat.TomcatWebServer  : Tomcat initialized with port 8088 (http)
2024-09-23T18:00:22.816+02:00  INFO 2918576 --- [main] o.apache.catalina.core.StandardService   : Starting service [Tomcat]
2024-09-23T18:00:22.817+02:00  INFO 2918576 --- [main] o.apache.catalina.core.StandardEngine    : Starting Servlet engine: [Apache Tomcat/10.1.30]
2024-09-23T18:00:22.861+02:00  INFO 2918576 --- [main] o.a.c.c.C.[.[localhost].[/taniwha]       : Initializing Spring embedded WebApplicationContext
2024-09-23T18:00:22.861+02:00  INFO 2918576 --- [main] w.s.c.ServletWebServerApplicationContext : Root WebApplicationContext: initialization completed in 1083 ms
2024-09-23T18:00:22.929+02:00 DEBUG 2918576 --- [main] org.taniwha.security.JwtRequestFilter    : Filter 'jwtRequestFilter' configured for use
2024-09-23T18:00:23.035+02:00  INFO 2918576 --- [cluster-ClusterId{value='66f190979b9877508c60a213', description='Cluster0'}-srv-cluster0.ousok1o.mongodb.net] org.mongodb.driver.cluster               : Adding discovered server ac-wk3ugyb-shard-00-01.ousok1o.mongodb.net:27017 to client view of cluster
2024-09-23T18:00:23.059+02:00  INFO 2918576 --- [main] org.mongodb.driver.client                : MongoClient with metadata {"application": {"name": "Cluster0"}, "driver": {"name": "mongo-java-driver|sync", "version": "5.0.1"}, "os": {"type": "Linux", "name": "Linux", "architecture": "amd64", "version": "6.5.0-14-generic"}, "platform": "Java/Private Build/18.0.2-ea+9-Ubuntu-222.04"} created with settings MongoClientSettings{readPreference=primary, writeConcern=WriteConcern{w=majority, wTimeout=null ms, journal=null}, retryWrites=true, retryReads=true, readConcern=ReadConcern{level=null}, credential=MongoCredential{mechanism=null, userName='danibanez', source='admin', password=<hidden>, mechanismProperties=<hidden>}, transportSettings=null, commandListeners=[], codecRegistry=ProvidersCodecRegistry{codecProviders=[ValueCodecProvider{}, BsonValueCodecProvider{}, DBRefCodecProvider{}, DBObjectCodecProvider{}, DocumentCodecProvider{}, CollectionCodecProvider{}, IterableCodecProvider{}, MapCodecProvider{}, GeoJsonCodecProvider{}, GridFSFileCodecProvider{}, Jsr310CodecProvider{}, JsonObjectCodecProvider{}, BsonCodecProvider{}, EnumCodecProvider{}, com.mongodb.client.model.mql.ExpressionCodecProvider@62b3a2f6, com.mongodb.Jep395RecordCodecProvider@202898d7, com.mongodb.KotlinCodecProvider@317890ea]}, loggerSettings=LoggerSettings{maxDocumentLength=1000}, clusterSettings={hosts=[127.0.0.1:27017], srvHost=cluster0.ousok1o.mongodb.net, srvServiceName=mongodb, mode=MULTIPLE, requiredClusterType=REPLICA_SET, requiredReplicaSetName='atlas-ybqwjd-shard-0', serverSelector='null', clusterListeners='[]', serverSelectionTimeout='30000 ms', localThreshold='15 ms'}, socketSettings=SocketSettings{connectTimeoutMS=10000, readTimeoutMS=0, receiveBufferSize=0, proxySettings=ProxySettings{host=null, port=null, username=null, password=null}}, heartbeatSocketSettings=SocketSettings{connectTimeoutMS=10000, readTimeoutMS=10000, receiveBufferSize=0, proxySettings=ProxySettings{host=null, port=null, username=null, password=null}}, connectionPoolSettings=ConnectionPoolSettings{maxSize=100, minSize=0, maxWaitTimeMS=120000, maxConnectionLifeTimeMS=0, maxConnectionIdleTimeMS=0, maintenanceInitialDelayMS=0, maintenanceFrequencyMS=60000, connectionPoolListeners=[], maxConnecting=2}, serverSettings=ServerSettings{heartbeatFrequencyMS=10000, minHeartbeatFrequencyMS=500, serverListeners='[]', serverMonitorListeners='[]'}, sslSettings=SslSettings{enabled=true, invalidHostNameAllowed=false, context=null}, applicationName='Cluster0', compressorList=[], uuidRepresentation=UNSPECIFIED, serverApi=null, autoEncryptionSettings=null, dnsClient=null, inetAddressResolver=null, contextProvider=null}
2024-09-23T18:00:23.081+02:00  INFO 2918576 --- [cluster-ClusterId{value='66f190979b9877508c60a213', description='Cluster0'}-srv-cluster0.ousok1o.mongodb.net] org.mongodb.driver.cluster               : Adding discovered server ac-wk3ugyb-shard-00-02.ousok1o.mongodb.net:27017 to client view of cluster
2024-09-23T18:00:23.083+02:00  INFO 2918576 --- [cluster-ClusterId{value='66f190979b9877508c60a213', description='Cluster0'}-srv-cluster0.ousok1o.mongodb.net] org.mongodb.driver.cluster               : Adding discovered server ac-wk3ugyb-shard-00-00.ousok1o.mongodb.net:27017 to client view of cluster
2024-09-23T18:00:23.423+02:00 DEBUG 2918576 --- [main] org.taniwha.config.KdcServerConfig       : Work directory already exists: /pool_discos_hdd/data/datos-danibanez/taniwha/TANIWHA_Backend/kerby
2024-09-23T18:00:23.434+02:00  INFO 2918576 --- [main] o.a.k.k.k.i.JsonIdentityBackend          : Initializing the Json identity backend.
2024-09-23T18:00:23.473+02:00  INFO 2918576 --- [main] o.a.k.k.k.i.JsonIdentityBackend          : Loading the identities from json file.
2024-09-23T18:00:23.498+02:00 DEBUG 2918576 --- [main] org.taniwha.config.KdcServerConfig       : krb5.conf file created at: /pool_discos_hdd/data/datos-danibanez/taniwha/TANIWHA_Backend/kerby/krb5.conf
2024-09-23T18:00:23.498+02:00  INFO 2918576 --- [main] org.taniwha.config.KdcServerConfig       : KDC server initialized with realm: TANIWHA-REALM on port: 8089
2024-09-23T18:00:23.509+02:00  INFO 2918576 --- [main] org.taniwha.config.KdcClientConfig       : KDC client initialized for realm: TANIWHA-REALM on KDC host: localhost and port: 8089
2024-09-23T18:00:23.619+02:00  INFO 2918576 --- [main] r$InitializeUserDetailsManagerConfigurer : Global AuthenticationManager configured with UserDetailsService bean with name userService
2024-09-23T18:00:23.673+02:00  INFO 2918576 --- [main] o.s.b.a.w.s.WelcomePageHandlerMapping    : Adding welcome page: class path resource [static/index.html]
2024-09-23T18:00:23.711+02:00  INFO 2918576 --- [cluster-ClusterId{value='66f190979b9877508c60a213', description='Cluster0'}-ac-wk3ugyb-shard-00-00.ousok1o.mongodb.net:27017] org.mongodb.driver.cluster               : Monitor thread successfully connected to server with description ServerDescription{address=ac-wk3ugyb-shard-00-00.ousok1o.mongodb.net:27017, type=REPLICA_SET_SECONDARY, state=CONNECTED, ok=true, minWireVersion=0, maxWireVersion=21, maxDocumentSize=16777216, logicalSessionTimeoutMinutes=30, roundTripTimeNanos=391429640, setName='atlas-ybqwjd-shard-0', canonicalAddress=ac-wk3ugyb-shard-00-00.ousok1o.mongodb.net:27017, hosts=[ac-wk3ugyb-shard-00-02.ousok1o.mongodb.net:27017, ac-wk3ugyb-shard-00-01.ousok1o.mongodb.net:27017, ac-wk3ugyb-shard-00-00.ousok1o.mongodb.net:27017], passives=[], arbiters=[], primary='ac-wk3ugyb-shard-00-02.ousok1o.mongodb.net:27017', tagSet=TagSet{[Tag{name='availabilityZone', value='use1-az6'}, Tag{name='diskState', value='READY'}, Tag{name='nodeType', value='ELECTABLE'}, Tag{name='provider', value='AWS'}, Tag{name='region', value='US_EAST_1'}, Tag{name='workloadType', value='OPERATIONAL'}]}, electionId=null, setVersion=122, topologyVersion=TopologyVersion{processId=66f0744d9bf8ede1ce1ed89f, counter=4}, lastWriteDate=Mon Sep 23 18:00:23 CEST 2024, lastUpdateTimeNanos=20846902266051734}
2024-09-23T18:00:23.711+02:00  INFO 2918576 --- [cluster-ClusterId{value='66f190979b9877508c60a213', description='Cluster0'}-ac-wk3ugyb-shard-00-02.ousok1o.mongodb.net:27017] org.mongodb.driver.cluster               : Monitor thread successfully connected to server with description ServerDescription{address=ac-wk3ugyb-shard-00-02.ousok1o.mongodb.net:27017, type=REPLICA_SET_PRIMARY, state=CONNECTED, ok=true, minWireVersion=0, maxWireVersion=21, maxDocumentSize=16777216, logicalSessionTimeoutMinutes=30, roundTripTimeNanos=391429403, setName='atlas-ybqwjd-shard-0', canonicalAddress=ac-wk3ugyb-shard-00-02.ousok1o.mongodb.net:27017, hosts=[ac-wk3ugyb-shard-00-02.ousok1o.mongodb.net:27017, ac-wk3ugyb-shard-00-01.ousok1o.mongodb.net:27017, ac-wk3ugyb-shard-00-00.ousok1o.mongodb.net:27017], passives=[], arbiters=[], primary='ac-wk3ugyb-shard-00-02.ousok1o.mongodb.net:27017', tagSet=TagSet{[Tag{name='availabilityZone', value='use1-az2'}, Tag{name='diskState', value='READY'}, Tag{name='nodeType', value='ELECTABLE'}, Tag{name='provider', value='AWS'}, Tag{name='region', value='US_EAST_1'}, Tag{name='workloadType', value='OPERATIONAL'}]}, electionId=7fffffff000000000000019c, setVersion=122, topologyVersion=TopologyVersion{processId=66f0735984ccb1187c0982cc, counter=6}, lastWriteDate=Mon Sep 23 18:00:23 CEST 2024, lastUpdateTimeNanos=20846902266052391}
2024-09-23T18:00:23.711+02:00  INFO 2918576 --- [cluster-ClusterId{value='66f190979b9877508c60a213', description='Cluster0'}-ac-wk3ugyb-shard-00-01.ousok1o.mongodb.net:27017] org.mongodb.driver.cluster               : Monitor thread successfully connected to server with description ServerDescription{address=ac-wk3ugyb-shard-00-01.ousok1o.mongodb.net:27017, type=REPLICA_SET_SECONDARY, state=CONNECTED, ok=true, minWireVersion=0, maxWireVersion=21, maxDocumentSize=16777216, logicalSessionTimeoutMinutes=30, roundTripTimeNanos=391334527, setName='atlas-ybqwjd-shard-0', canonicalAddress=ac-wk3ugyb-shard-00-01.ousok1o.mongodb.net:27017, hosts=[ac-wk3ugyb-shard-00-02.ousok1o.mongodb.net:27017, ac-wk3ugyb-shard-00-01.ousok1o.mongodb.net:27017, ac-wk3ugyb-shard-00-00.ousok1o.mongodb.net:27017], passives=[], arbiters=[], primary='ac-wk3ugyb-shard-00-02.ousok1o.mongodb.net:27017', tagSet=TagSet{[Tag{name='availabilityZone', value='use1-az1'}, Tag{name='diskState', value='READY'}, Tag{name='nodeType', value='ELECTABLE'}, Tag{name='provider', value='AWS'}, Tag{name='region', value='US_EAST_1'}, Tag{name='workloadType', value='OPERATIONAL'}]}, electionId=null, setVersion=122, topologyVersion=TopologyVersion{processId=66f0759088adb677341afc18, counter=3}, lastWriteDate=Mon Sep 23 18:00:23 CEST 2024, lastUpdateTimeNanos=20846902266052524}
2024-09-23T18:00:23.717+02:00  INFO 2918576 --- [cluster-ClusterId{value='66f190979b9877508c60a213', description='Cluster0'}-ac-wk3ugyb-shard-00-02.ousok1o.mongodb.net:27017] org.mongodb.driver.cluster               : Discovered replica set primary ac-wk3ugyb-shard-00-02.ousok1o.mongodb.net:27017 with max election id 7fffffff000000000000019c and max set version 122
2024-09-23T18:00:23.811+02:00  INFO 2918576 --- [main] o.s.s.web.DefaultSecurityFilterChain     : Will secure any request with [org.springframework.security.web.session.DisableEncodeUrlFilter@14590fe2, org.springframework.security.web.context.request.async.WebAsyncManagerIntegrationFilter@5922cff3, org.springframework.security.web.context.SecurityContextHolderFilter@a4df251, org.springframework.security.web.header.HeaderWriterFilter@11bdab37, org.springframework.web.filter.CorsFilter@68f6e55d, org.springframework.security.web.authentication.logout.LogoutFilter@52285a5f, org.taniwha.security.JwtRequestFilter@7c663eaf, org.springframework.security.web.savedrequest.RequestCacheAwareFilter@3feebf9c, org.springframework.security.web.servletapi.SecurityContextHolderAwareRequestFilter@6abb7b7d, org.springframework.security.web.authentication.AnonymousAuthenticationFilter@2299d903, org.springframework.security.web.session.SessionManagementFilter@3e98b933, org.springframework.security.web.access.ExceptionTranslationFilter@1a7d0c9f, org.springframework.security.web.access.intercept.AuthorizationFilter@1bec1589]
2024-09-23T18:00:24.011+02:00  INFO 2918576 --- [main] o.s.b.w.embedded.tomcat.TomcatWebServer  : Tomcat started on port 8088 (http) with context path '/taniwha'
2024-09-23T18:00:24.022+02:00  INFO 2918576 --- [main] org.taniwha.Application                  : Started Application in 2.623 seconds (process running for 2.996)
2024-09-23T18:00:24.712+02:00 ERROR 2918576 --- [scheduling-1] o.s.s.s.TaskUtils$LoggingErrorHandler    : Unexpected error occurred in scheduled task

org.springframework.data.mapping.model.MappingInstantiationException: Failed to instantiate org.taniwha.model.NodeInfo using constructor NO_CONSTRUCTOR with arguments 
	at org.springframework.data.mapping.model.ReflectionEntityInstantiator.instantiateClass(ReflectionEntityInstantiator.java:142) ~[spring-data-commons-3.3.3.jar:3.3.3]
	at org.springframework.data.mapping.model.ReflectionEntityInstantiator.createInstance(ReflectionEntityInstantiator.java:57) ~[spring-data-commons-3.3.3.jar:3.3.3]
	at org.springframework.data.mapping.model.ClassGeneratingEntityInstantiator.createInstance(ClassGeneratingEntityInstantiator.java:98) ~[spring-data-commons-3.3.3.jar:3.3.3]
	at org.springframework.data.mongodb.core.convert.MappingMongoConverter.read(MappingMongoConverter.java:535) ~[spring-data-mongodb-4.3.3.jar:4.3.3]
	at org.springframework.data.mongodb.core.convert.MappingMongoConverter.readDocument(MappingMongoConverter.java:503) ~[spring-data-mongodb-4.3.3.jar:4.3.3]
	at org.springframework.data.mongodb.core.convert.MappingMongoConverter.read(MappingMongoConverter.java:439) ~[spring-data-mongodb-4.3.3.jar:4.3.3]
	at org.springframework.data.mongodb.core.convert.MappingMongoConverter.read(MappingMongoConverter.java:435) ~[spring-data-mongodb-4.3.3.jar:4.3.3]
	at org.springframework.data.mongodb.core.convert.MappingMongoConverter.read(MappingMongoConverter.java:125) ~[spring-data-mongodb-4.3.3.jar:4.3.3]
	at org.springframework.data.mongodb.core.MongoTemplate$ReadDocumentCallback.doWith(MongoTemplate.java:3293) ~[spring-data-mongodb-4.3.3.jar:4.3.3]
	at org.springframework.data.mongodb.core.MongoTemplate.executeFindMultiInternal(MongoTemplate.java:2927) ~[spring-data-mongodb-4.3.3.jar:4.3.3]
	at org.springframework.data.mongodb.core.MongoTemplate.doFind(MongoTemplate.java:2604) ~[spring-data-mongodb-4.3.3.jar:4.3.3]
	at org.springframework.data.mongodb.core.MongoTemplate.doFind(MongoTemplate.java:2583) ~[spring-data-mongodb-4.3.3.jar:4.3.3]
	at org.springframework.data.mongodb.core.MongoTemplate.find(MongoTemplate.java:868) ~[spring-data-mongodb-4.3.3.jar:4.3.3]
	at org.springframework.data.mongodb.repository.support.SimpleMongoRepository.findAll(SimpleMongoRepository.java:402) ~[spring-data-mongodb-4.3.3.jar:4.3.3]
	at org.springframework.data.mongodb.repository.support.SimpleMongoRepository.findAll(SimpleMongoRepository.java:144) ~[spring-data-mongodb-4.3.3.jar:4.3.3]
	at java.base/jdk.internal.reflect.DirectMethodHandleAccessor.invoke(DirectMethodHandleAccessor.java:104) ~[na:na]
	at java.base/java.lang.reflect.Method.invoke(Method.java:577) ~[na:na]
	at org.springframework.aop.support.AopUtils.invokeJoinpointUsingReflection(AopUtils.java:355) ~[spring-aop-6.1.12.jar:6.1.12]
	at org.springframework.data.repository.core.support.RepositoryMethodInvoker$RepositoryFragmentMethodInvoker.lambda$new$0(RepositoryMethodInvoker.java:277) ~[spring-data-commons-3.3.3.jar:3.3.3]
	at org.springframework.data.repository.core.support.RepositoryMethodInvoker.doInvoke(RepositoryMethodInvoker.java:170) ~[spring-data-commons-3.3.3.jar:3.3.3]
	at org.springframework.data.repository.core.support.RepositoryMethodInvoker.invoke(RepositoryMethodInvoker.java:158) ~[spring-data-commons-3.3.3.jar:3.3.3]
	at org.springframework.data.repository.core.support.RepositoryComposition$RepositoryFragments.invoke(RepositoryComposition.java:516) ~[spring-data-commons-3.3.3.jar:3.3.3]
	at org.springframework.data.repository.core.support.RepositoryComposition.invoke(RepositoryComposition.java:285) ~[spring-data-commons-3.3.3.jar:3.3.3]
	at org.springframework.data.repository.core.support.RepositoryFactorySupport$ImplementationMethodExecutionInterceptor.invoke(RepositoryFactorySupport.java:628) ~[spring-data-commons-3.3.3.jar:3.3.3]
	at org.springframework.aop.framework.ReflectiveMethodInvocation.proceed(ReflectiveMethodInvocation.java:184) ~[spring-aop-6.1.12.jar:6.1.12]
	at org.springframework.data.repository.core.support.QueryExecutorMethodInterceptor.doInvoke(QueryExecutorMethodInterceptor.java:173) ~[spring-data-commons-3.3.3.jar:3.3.3]
	at org.springframework.data.repository.core.support.QueryExecutorMethodInterceptor.invoke(QueryExecutorMethodInterceptor.java:148) ~[spring-data-commons-3.3.3.jar:3.3.3]
	at org.springframework.aop.framework.ReflectiveMethodInvocation.proceed(ReflectiveMethodInvocation.java:184) ~[spring-aop-6.1.12.jar:6.1.12]
	at org.springframework.data.projection.DefaultMethodInvokingMethodInterceptor.invoke(DefaultMethodInvokingMethodInterceptor.java:70) ~[spring-data-commons-3.3.3.jar:3.3.3]
	at org.springframework.aop.framework.ReflectiveMethodInvocation.proceed(ReflectiveMethodInvocation.java:184) ~[spring-aop-6.1.12.jar:6.1.12]
	at org.springframework.data.mongodb.repository.support.CrudMethodMetadataPostProcessor$CrudMethodMetadataPopulatingMethodInterceptor.invoke(CrudMethodMetadataPostProcessor.java:158) ~[spring-data-mongodb-4.3.3.jar:4.3.3]
	at org.springframework.aop.framework.ReflectiveMethodInvocation.proceed(ReflectiveMethodInvocation.java:184) ~[spring-aop-6.1.12.jar:6.1.12]
	at org.springframework.aop.interceptor.ExposeInvocationInterceptor.invoke(ExposeInvocationInterceptor.java:97) ~[spring-aop-6.1.12.jar:6.1.12]
	at org.springframework.aop.framework.ReflectiveMethodInvocation.proceed(ReflectiveMethodInvocation.java:184) ~[spring-aop-6.1.12.jar:6.1.12]
	at org.springframework.aop.framework.JdkDynamicAopProxy.invoke(JdkDynamicAopProxy.java:223) ~[spring-aop-6.1.12.jar:6.1.12]
	at jdk.proxy2/jdk.proxy2.$Proxy81.findAll(Unknown Source) ~[na:na]
	at java.base/jdk.internal.reflect.DirectMethodHandleAccessor.invoke(DirectMethodHandleAccessor.java:104) ~[na:na]
	at java.base/java.lang.reflect.Method.invoke(Method.java:577) ~[na:na]
	at org.springframework.aop.support.AopUtils.invokeJoinpointUsingReflection(AopUtils.java:355) ~[spring-aop-6.1.12.jar:6.1.12]
	at org.springframework.aop.framework.ReflectiveMethodInvocation.invokeJoinpoint(ReflectiveMethodInvocation.java:196) ~[spring-aop-6.1.12.jar:6.1.12]
	at org.springframework.aop.framework.ReflectiveMethodInvocation.proceed(ReflectiveMethodInvocation.java:163) ~[spring-aop-6.1.12.jar:6.1.12]
	at org.springframework.dao.support.PersistenceExceptionTranslationInterceptor.invoke(PersistenceExceptionTranslationInterceptor.java:138) ~[spring-tx-6.1.12.jar:6.1.12]
	at org.springframework.aop.framework.ReflectiveMethodInvocation.proceed(ReflectiveMethodInvocation.java:184) ~[spring-aop-6.1.12.jar:6.1.12]
	at org.springframework.aop.framework.JdkDynamicAopProxy.invoke(JdkDynamicAopProxy.java:223) ~[spring-aop-6.1.12.jar:6.1.12]
	at jdk.proxy2/jdk.proxy2.$Proxy81.findAll(Unknown Source) ~[na:na]
	at org.taniwha.service.NodeService.getActiveNodes(NodeService.java:100) ~[classes/:na]
	at org.taniwha.service.NodeHealthCheckService.checkNodeHealth(NodeHealthCheckService.java:30) ~[classes/:na]
	at java.base/jdk.internal.reflect.DirectMethodHandleAccessor.invoke(DirectMethodHandleAccessor.java:104) ~[na:na]
	at java.base/java.lang.reflect.Method.invoke(Method.java:577) ~[na:na]
	at org.springframework.scheduling.support.ScheduledMethodRunnable.runInternal(ScheduledMethodRunnable.java:130) ~[spring-context-6.1.12.jar:6.1.12]
	at org.springframework.scheduling.support.ScheduledMethodRunnable.lambda$run$2(ScheduledMethodRunnable.java:124) ~[spring-context-6.1.12.jar:6.1.12]
	at io.micrometer.observation.Observation.observe(Observation.java:499) ~[micrometer-observation-1.13.3.jar:1.13.3]
	at org.springframework.scheduling.support.ScheduledMethodRunnable.run(ScheduledMethodRunnable.java:124) ~[spring-context-6.1.12.jar:6.1.12]
	at org.springframework.scheduling.support.DelegatingErrorHandlingRunnable.run(DelegatingErrorHandlingRunnable.java:54) ~[spring-context-6.1.12.jar:6.1.12]
	at java.base/java.util.concurrent.Executors$RunnableAdapter.call(Executors.java:539) ~[na:na]
	at java.base/java.util.concurrent.FutureTask.runAndReset(FutureTask.java:305) ~[na:na]
	at java.base/java.util.concurrent.ScheduledThreadPoolExecutor$ScheduledFutureTask.run(ScheduledThreadPoolExecutor.java:305) ~[na:na]
	at java.base/java.util.concurrent.ThreadPoolExecutor.runWorker(ThreadPoolExecutor.java:1136) ~[na:na]
	at java.base/java.util.concurrent.ThreadPoolExecutor$Worker.run(ThreadPoolExecutor.java:635) ~[na:na]
	at java.base/java.lang.Thread.run(Thread.java:833) ~[na:na]
Caused by: org.springframework.beans.BeanInstantiationException: Failed to instantiate [org.taniwha.model.NodeInfo]: No default constructor found
	at org.springframework.beans.BeanUtils.instantiateClass(BeanUtils.java:144) ~[spring-beans-6.1.12.jar:6.1.12]
	at org.springframework.data.mapping.model.ReflectionEntityInstantiator.instantiateClass(ReflectionEntityInstantiator.java:139) ~[spring-data-commons-3.3.3.jar:3.3.3]
	... 59 common frames omitted
Caused by: java.lang.NoSuchMethodException: org.taniwha.model.NodeInfo.<init>()
	at java.base/java.lang.Class.getConstructor0(Class.java:3617) ~[na:na]
	at java.base/java.lang.Class.getDeclaredConstructor(Class.java:2786) ~[na:na]
	at org.springframework.beans.BeanUtils.instantiateClass(BeanUtils.java:139) ~[spring-beans-6.1.12.jar:6.1.12]
	... 60 common frames omitted

2024-09-23T18:00:54.494+02:00  INFO 2918576 --- [http-nio-8088-exec-1] o.a.c.c.C.[.[localhost].[/taniwha]       : Initializing Spring DispatcherServlet 'dispatcherServlet'
2024-09-23T18:00:54.494+02:00  INFO 2918576 --- [http-nio-8088-exec-1] o.s.web.servlet.DispatcherServlet        : Initializing Servlet 'dispatcherServlet'
2024-09-23T18:00:54.495+02:00  INFO 2918576 --- [http-nio-8088-exec-1] o.s.web.servlet.DispatcherServlet        : Completed initialization in 1 ms
2024-09-23T18:00:54.931+02:00 DEBUG 2918576 --- [http-nio-8088-exec-1] o.t.controller.NodeManagerController     : Heartbeat received for node: 66f18d316280391c83413f62
2024-09-23T18:01:24.116+02:00 ERROR 2918576 --- [scheduling-1] o.s.s.s.TaskUtils$LoggingErrorHandler    : Unexpected error occurred in scheduled task

org.springframework.data.mapping.model.MappingInstantiationException: Failed to instantiate org.taniwha.model.NodeInfo using constructor NO_CONSTRUCTOR with arguments 
	at org.springframework.data.mapping.model.ReflectionEntityInstantiator.instantiateClass(ReflectionEntityInstantiator.java:142) ~[spring-data-commons-3.3.3.jar:3.3.3]
	at org.springframework.data.mapping.model.ReflectionEntityInstantiator.createInstance(ReflectionEntityInstantiator.java:57) ~[spring-data-commons-3.3.3.jar:3.3.3]
	at org.springframework.data.mapping.model.ClassGeneratingEntityInstantiator.createInstance(ClassGeneratingEntityInstantiator.java:98) ~[spring-data-commons-3.3.3.jar:3.3.3]
	at org.springframework.data.mongodb.core.convert.MappingMongoConverter.read(MappingMongoConverter.java:535) ~[spring-data-mongodb-4.3.3.jar:4.3.3]
	at org.springframework.data.mongodb.core.convert.MappingMongoConverter.readDocument(MappingMongoConverter.java:503) ~[spring-data-mongodb-4.3.3.jar:4.3.3]
	at org.springframework.data.mongodb.core.convert.MappingMongoConverter.read(MappingMongoConverter.java:439) ~[spring-data-mongodb-4.3.3.jar:4.3.3]
	at org.springframework.data.mongodb.core.convert.MappingMongoConverter.read(MappingMongoConverter.java:435) ~[spring-data-mongodb-4.3.3.jar:4.3.3]
	at org.springframework.data.mongodb.core.convert.MappingMongoConverter.read(MappingMongoConverter.java:125) ~[spring-data-mongodb-4.3.3.jar:4.3.3]
	at org.springframework.data.mongodb.core.MongoTemplate$ReadDocumentCallback.doWith(MongoTemplate.java:3293) ~[spring-data-mongodb-4.3.3.jar:4.3.3]
	at org.springframework.data.mongodb.core.MongoTemplate.executeFindMultiInternal(MongoTemplate.java:2927) ~[spring-data-mongodb-4.3.3.jar:4.3.3]
	at org.springframework.data.mongodb.core.MongoTemplate.doFind(MongoTemplate.java:2604) ~[spring-data-mongodb-4.3.3.jar:4.3.3]
	at org.springframework.data.mongodb.core.MongoTemplate.doFind(MongoTemplate.java:2583) ~[spring-data-mongodb-4.3.3.jar:4.3.3]
	at org.springframework.data.mongodb.core.MongoTemplate.find(MongoTemplate.java:868) ~[spring-data-mongodb-4.3.3.jar:4.3.3]
	at org.springframework.data.mongodb.repository.support.SimpleMongoRepository.findAll(SimpleMongoRepository.java:402) ~[spring-data-mongodb-4.3.3.jar:4.3.3]
	at org.springframework.data.mongodb.repository.support.SimpleMongoRepository.findAll(SimpleMongoRepository.java:144) ~[spring-data-mongodb-4.3.3.jar:4.3.3]
	at java.base/jdk.internal.reflect.DirectMethodHandleAccessor.invoke(DirectMethodHandleAccessor.java:104) ~[na:na]
	at java.base/java.lang.reflect.Method.invoke(Method.java:577) ~[na:na]
	at org.springframework.aop.support.AopUtils.invokeJoinpointUsingReflection(AopUtils.java:355) ~[spring-aop-6.1.12.jar:6.1.12]
	at org.springframework.data.repository.core.support.RepositoryMethodInvoker$RepositoryFragmentMethodInvoker.lambda$new$0(RepositoryMethodInvoker.java:277) ~[spring-data-commons-3.3.3.jar:3.3.3]
	at org.springframework.data.repository.core.support.RepositoryMethodInvoker.doInvoke(RepositoryMethodInvoker.java:170) ~[spring-data-commons-3.3.3.jar:3.3.3]
	at org.springframework.data.repository.core.support.RepositoryMethodInvoker.invoke(RepositoryMethodInvoker.java:158) ~[spring-data-commons-3.3.3.jar:3.3.3]
	at org.springframework.data.repository.core.support.RepositoryComposition$RepositoryFragments.invoke(RepositoryComposition.java:516) ~[spring-data-commons-3.3.3.jar:3.3.3]
	at org.springframework.data.repository.core.support.RepositoryComposition.invoke(RepositoryComposition.java:285) ~[spring-data-commons-3.3.3.jar:3.3.3]
	at org.springframework.data.repository.core.support.RepositoryFactorySupport$ImplementationMethodExecutionInterceptor.invoke(RepositoryFactorySupport.java:628) ~[spring-data-commons-3.3.3.jar:3.3.3]
	at org.springframework.aop.framework.ReflectiveMethodInvocation.proceed(ReflectiveMethodInvocation.java:184) ~[spring-aop-6.1.12.jar:6.1.12]
	at org.springframework.data.repository.core.support.QueryExecutorMethodInterceptor.doInvoke(QueryExecutorMethodInterceptor.java:173) ~[spring-data-commons-3.3.3.jar:3.3.3]
	at org.springframework.data.repository.core.support.QueryExecutorMethodInterceptor.invoke(QueryExecutorMethodInterceptor.java:148) ~[spring-data-commons-3.3.3.jar:3.3.3]
	at org.springframework.aop.framework.ReflectiveMethodInvocation.proceed(ReflectiveMethodInvocation.java:184) ~[spring-aop-6.1.12.jar:6.1.12]
	at org.springframework.data.projection.DefaultMethodInvokingMethodInterceptor.invoke(DefaultMethodInvokingMethodInterceptor.java:70) ~[spring-data-commons-3.3.3.jar:3.3.3]
	at org.springframework.aop.framework.ReflectiveMethodInvocation.proceed(ReflectiveMethodInvocation.java:184) ~[spring-aop-6.1.12.jar:6.1.12]
	at org.springframework.data.mongodb.repository.support.CrudMethodMetadataPostProcessor$CrudMethodMetadataPopulatingMethodInterceptor.invoke(CrudMethodMetadataPostProcessor.java:158) ~[spring-data-mongodb-4.3.3.jar:4.3.3]
	at org.springframework.aop.framework.ReflectiveMethodInvocation.proceed(ReflectiveMethodInvocation.java:184) ~[spring-aop-6.1.12.jar:6.1.12]
	at org.springframework.aop.interceptor.ExposeInvocationInterceptor.invoke(ExposeInvocationInterceptor.java:97) ~[spring-aop-6.1.12.jar:6.1.12]
	at org.springframework.aop.framework.ReflectiveMethodInvocation.proceed(ReflectiveMethodInvocation.java:184) ~[spring-aop-6.1.12.jar:6.1.12]
	at org.springframework.aop.framework.JdkDynamicAopProxy.invoke(JdkDynamicAopProxy.java:223) ~[spring-aop-6.1.12.jar:6.1.12]
	at jdk.proxy2/jdk.proxy2.$Proxy81.findAll(Unknown Source) ~[na:na]
	at java.base/jdk.internal.reflect.DirectMethodHandleAccessor.invoke(DirectMethodHandleAccessor.java:104) ~[na:na]
	at java.base/java.lang.reflect.Method.invoke(Method.java:577) ~[na:na]
	at org.springframework.aop.support.AopUtils.invokeJoinpointUsingReflection(AopUtils.java:355) ~[spring-aop-6.1.12.jar:6.1.12]
	at org.springframework.aop.framework.ReflectiveMethodInvocation.invokeJoinpoint(ReflectiveMethodInvocation.java:196) ~[spring-aop-6.1.12.jar:6.1.12]
	at org.springframework.aop.framework.ReflectiveMethodInvocation.proceed(ReflectiveMethodInvocation.java:163) ~[spring-aop-6.1.12.jar:6.1.12]
	at org.springframework.dao.support.PersistenceExceptionTranslationInterceptor.invoke(PersistenceExceptionTranslationInterceptor.java:138) ~[spring-tx-6.1.12.jar:6.1.12]
	at org.springframework.aop.framework.ReflectiveMethodInvocation.proceed(ReflectiveMethodInvocation.java:184) ~[spring-aop-6.1.12.jar:6.1.12]
	at org.springframework.aop.framework.JdkDynamicAopProxy.invoke(JdkDynamicAopProxy.java:223) ~[spring-aop-6.1.12.jar:6.1.12]
	at jdk.proxy2/jdk.proxy2.$Proxy81.findAll(Unknown Source) ~[na:na]
	at org.taniwha.service.NodeService.getActiveNodes(NodeService.java:100) ~[classes/:na]
	at org.taniwha.service.NodeHealthCheckService.checkNodeHealth(NodeHealthCheckService.java:30) ~[classes/:na]
	at java.base/jdk.internal.reflect.DirectMethodHandleAccessor.invoke(DirectMethodHandleAccessor.java:104) ~[na:na]
	at java.base/java.lang.reflect.Method.invoke(Method.java:577) ~[na:na]
	at org.springframework.scheduling.support.ScheduledMethodRunnable.runInternal(ScheduledMethodRunnable.java:130) ~[spring-context-6.1.12.jar:6.1.12]
	at org.springframework.scheduling.support.ScheduledMethodRunnable.lambda$run$2(ScheduledMethodRunnable.java:124) ~[spring-context-6.1.12.jar:6.1.12]
	at io.micrometer.observation.Observation.observe(Observation.java:499) ~[micrometer-observation-1.13.3.jar:1.13.3]
	at org.springframework.scheduling.support.ScheduledMethodRunnable.run(ScheduledMethodRunnable.java:124) ~[spring-context-6.1.12.jar:6.1.12]
	at org.springframework.scheduling.support.DelegatingErrorHandlingRunnable.run(DelegatingErrorHandlingRunnable.java:54) ~[spring-context-6.1.12.jar:6.1.12]
	at java.base/java.util.concurrent.Executors$RunnableAdapter.call(Executors.java:539) ~[na:na]
	at java.base/java.util.concurrent.FutureTask.runAndReset(FutureTask.java:305) ~[na:na]
	at java.base/java.util.concurrent.ScheduledThreadPoolExecutor$ScheduledFutureTask.run(ScheduledThreadPoolExecutor.java:305) ~[na:na]
	at java.base/java.util.concurrent.ThreadPoolExecutor.runWorker(ThreadPoolExecutor.java:1136) ~[na:na]
	at java.base/java.util.concurrent.ThreadPoolExecutor$Worker.run(ThreadPoolExecutor.java:635) ~[na:na]
	at java.base/java.lang.Thread.run(Thread.java:833) ~[na:na]
Caused by: org.springframework.beans.BeanInstantiationException: Failed to instantiate [org.taniwha.model.NodeInfo]: No default constructor found
	at org.springframework.beans.BeanUtils.instantiateClass(BeanUtils.java:144) ~[spring-beans-6.1.12.jar:6.1.12]
	at org.springframework.data.mapping.model.ReflectionEntityInstantiator.instantiateClass(ReflectionEntityInstantiator.java:139) ~[spring-data-commons-3.3.3.jar:3.3.3]
	... 59 common frames omitted
Caused by: java.lang.NoSuchMethodException: org.taniwha.model.NodeInfo.<init>()
	at java.base/java.lang.Class.getConstructor0(Class.java:3617) ~[na:na]
	at java.base/java.lang.Class.getDeclaredConstructor(Class.java:2786) ~[na:na]
	at org.springframework.beans.BeanUtils.instantiateClass(BeanUtils.java:139) ~[spring-beans-6.1.12.jar:6.1.12]
	... 60 common frames omitted

2024-09-23T18:01:30.767+02:00  INFO 2918576 --- [SpringApplicationShutdownHook] org.taniwha.config.MongoConfig           : Closing mongoDB connection
2024-09-23T18:01:30.768+02:00  INFO 2918576 --- [SpringApplicationShutdownHook] org.taniwha.config.KdcServerConfig       : Cleaning up Kerberos resources
2024-09-23T18:01:30.768+02:00  INFO 2918576 --- [SpringApplicationShutdownHook] a.k.k.k.s.i.DefaultInternalKdcServerImpl : Default Internal kdc server stopped.
2024-09-23T18:02:44.856+02:00  INFO 2921013 --- [main] m.p.springdotenv.DotenvPropertySource    : Initializing Dotenv with DotenvConfig{directory=null, filename=null, ignoreIfMalformed=false, ignoreIfMissing=true, systemProperties=false, prefix=null}
2024-09-23T18:02:44.866+02:00  INFO 2921013 --- [main] m.p.springdotenv.DotenvPropertySource    : Initializing Dotenv with DotenvConfig{directory=null, filename=null, ignoreIfMalformed=false, ignoreIfMissing=true, systemProperties=false, prefix=null}
2024-09-23T18:02:44.870+02:00  INFO 2921013 --- [main] org.taniwha.Application                  : Starting Application using Java 18.0.2-ea with PID 2921013 (/pool_discos_hdd/data/datos-danibanez/taniwha/TANIWHA_Backend/target/classes started by danibanez in /pool_discos_hdd/data/datos-danibanez/taniwha/TANIWHA_Backend)
2024-09-23T18:02:44.871+02:00 DEBUG 2921013 --- [main] org.taniwha.Application                  : Running with Spring Boot v3.3.3, Spring v6.1.12
2024-09-23T18:02:44.871+02:00  INFO 2921013 --- [main] org.taniwha.Application                  : No active profile set, falling back to 1 default profile: "default"
2024-09-23T18:02:45.250+02:00  INFO 2921013 --- [main] .s.d.r.c.RepositoryConfigurationDelegate : Bootstrapping Spring Data MongoDB repositories in DEFAULT mode.
2024-09-23T18:02:45.293+02:00  INFO 2921013 --- [main] .s.d.r.c.RepositoryConfigurationDelegate : Finished Spring Data repository scanning in 38 ms. Found 3 MongoDB repository interfaces.
2024-09-23T18:02:45.883+02:00  INFO 2921013 --- [main] o.s.b.w.embedded.tomcat.TomcatWebServer  : Tomcat initialized with port 8088 (http)
2024-09-23T18:02:45.894+02:00  INFO 2921013 --- [main] o.apache.catalina.core.StandardService   : Starting service [Tomcat]
2024-09-23T18:02:45.894+02:00  INFO 2921013 --- [main] o.apache.catalina.core.StandardEngine    : Starting Servlet engine: [Apache Tomcat/10.1.30]
2024-09-23T18:02:45.937+02:00  INFO 2921013 --- [main] o.a.c.c.C.[.[localhost].[/taniwha]       : Initializing Spring embedded WebApplicationContext
2024-09-23T18:02:45.937+02:00  INFO 2921013 --- [main] w.s.c.ServletWebServerApplicationContext : Root WebApplicationContext: initialization completed in 1025 ms
2024-09-23T18:02:46.001+02:00 DEBUG 2921013 --- [main] org.taniwha.security.JwtRequestFilter    : Filter 'jwtRequestFilter' configured for use
2024-09-23T18:02:46.167+02:00  INFO 2921013 --- [cluster-ClusterId{value='66f19126bd3a0f39331c9fdc', description='Cluster0'}-srv-cluster0.ousok1o.mongodb.net] org.mongodb.driver.cluster               : Adding discovered server ac-wk3ugyb-shard-00-01.ousok1o.mongodb.net:27017 to client view of cluster
2024-09-23T18:02:46.169+02:00  INFO 2921013 --- [main] org.mongodb.driver.client                : MongoClient with metadata {"application": {"name": "Cluster0"}, "driver": {"name": "mongo-java-driver|sync", "version": "5.0.1"}, "os": {"type": "Linux", "name": "Linux", "architecture": "amd64", "version": "6.5.0-14-generic"}, "platform": "Java/Private Build/18.0.2-ea+9-Ubuntu-222.04"} created with settings MongoClientSettings{readPreference=primary, writeConcern=WriteConcern{w=majority, wTimeout=null ms, journal=null}, retryWrites=true, retryReads=true, readConcern=ReadConcern{level=null}, credential=MongoCredential{mechanism=null, userName='danibanez', source='admin', password=<hidden>, mechanismProperties=<hidden>}, transportSettings=null, commandListeners=[], codecRegistry=ProvidersCodecRegistry{codecProviders=[ValueCodecProvider{}, BsonValueCodecProvider{}, DBRefCodecProvider{}, DBObjectCodecProvider{}, DocumentCodecProvider{}, CollectionCodecProvider{}, IterableCodecProvider{}, MapCodecProvider{}, GeoJsonCodecProvider{}, GridFSFileCodecProvider{}, Jsr310CodecProvider{}, JsonObjectCodecProvider{}, BsonCodecProvider{}, EnumCodecProvider{}, com.mongodb.client.model.mql.ExpressionCodecProvider@37a0ec3c, com.mongodb.Jep395RecordCodecProvider@422ad5e2, com.mongodb.KotlinCodecProvider@62a54948]}, loggerSettings=LoggerSettings{maxDocumentLength=1000}, clusterSettings={hosts=[127.0.0.1:27017], srvHost=cluster0.ousok1o.mongodb.net, srvServiceName=mongodb, mode=MULTIPLE, requiredClusterType=REPLICA_SET, requiredReplicaSetName='atlas-ybqwjd-shard-0', serverSelector='null', clusterListeners='[]', serverSelectionTimeout='30000 ms', localThreshold='15 ms'}, socketSettings=SocketSettings{connectTimeoutMS=10000, readTimeoutMS=0, receiveBufferSize=0, proxySettings=ProxySettings{host=null, port=null, username=null, password=null}}, heartbeatSocketSettings=SocketSettings{connectTimeoutMS=10000, readTimeoutMS=10000, receiveBufferSize=0, proxySettings=ProxySettings{host=null, port=null, username=null, password=null}}, connectionPoolSettings=ConnectionPoolSettings{maxSize=100, minSize=0, maxWaitTimeMS=120000, maxConnectionLifeTimeMS=0, maxConnectionIdleTimeMS=0, maintenanceInitialDelayMS=0, maintenanceFrequencyMS=60000, connectionPoolListeners=[], maxConnecting=2}, serverSettings=ServerSettings{heartbeatFrequencyMS=10000, minHeartbeatFrequencyMS=500, serverListeners='[]', serverMonitorListeners='[]'}, sslSettings=SslSettings{enabled=true, invalidHostNameAllowed=false, context=null}, applicationName='Cluster0', compressorList=[], uuidRepresentation=UNSPECIFIED, serverApi=null, autoEncryptionSettings=null, dnsClient=null, inetAddressResolver=null, contextProvider=null}
2024-09-23T18:02:46.208+02:00  INFO 2921013 --- [cluster-ClusterId{value='66f19126bd3a0f39331c9fdc', description='Cluster0'}-srv-cluster0.ousok1o.mongodb.net] org.mongodb.driver.cluster               : Adding discovered server ac-wk3ugyb-shard-00-02.ousok1o.mongodb.net:27017 to client view of cluster
2024-09-23T18:02:46.211+02:00  INFO 2921013 --- [cluster-ClusterId{value='66f19126bd3a0f39331c9fdc', description='Cluster0'}-srv-cluster0.ousok1o.mongodb.net] org.mongodb.driver.cluster               : Adding discovered server ac-wk3ugyb-shard-00-00.ousok1o.mongodb.net:27017 to client view of cluster
2024-09-23T18:02:46.506+02:00 DEBUG 2921013 --- [main] org.taniwha.config.KdcServerConfig       : Work directory already exists: /pool_discos_hdd/data/datos-danibanez/taniwha/TANIWHA_Backend/kerby
2024-09-23T18:02:46.519+02:00  INFO 2921013 --- [main] o.a.k.k.k.i.JsonIdentityBackend          : Initializing the Json identity backend.
2024-09-23T18:02:46.560+02:00  INFO 2921013 --- [main] o.a.k.k.k.i.JsonIdentityBackend          : Loading the identities from json file.
2024-09-23T18:02:46.586+02:00 DEBUG 2921013 --- [main] org.taniwha.config.KdcServerConfig       : krb5.conf file created at: /pool_discos_hdd/data/datos-danibanez/taniwha/TANIWHA_Backend/kerby/krb5.conf
2024-09-23T18:02:46.586+02:00  INFO 2921013 --- [main] org.taniwha.config.KdcServerConfig       : KDC server initialized with realm: TANIWHA-REALM on port: 8089
2024-09-23T18:02:46.598+02:00  INFO 2921013 --- [main] org.taniwha.config.KdcClientConfig       : KDC client initialized for realm: TANIWHA-REALM on KDC host: localhost and port: 8089
2024-09-23T18:02:46.708+02:00  INFO 2921013 --- [main] r$InitializeUserDetailsManagerConfigurer : Global AuthenticationManager configured with UserDetailsService bean with name userService
2024-09-23T18:02:46.784+02:00  INFO 2921013 --- [main] o.s.b.a.w.s.WelcomePageHandlerMapping    : Adding welcome page: class path resource [static/index.html]
2024-09-23T18:02:46.893+02:00  INFO 2921013 --- [cluster-ClusterId{value='66f19126bd3a0f39331c9fdc', description='Cluster0'}-ac-wk3ugyb-shard-00-01.ousok1o.mongodb.net:27017] org.mongodb.driver.cluster               : Monitor thread successfully connected to server with description ServerDescription{address=ac-wk3ugyb-shard-00-01.ousok1o.mongodb.net:27017, type=REPLICA_SET_SECONDARY, state=CONNECTED, ok=true, minWireVersion=0, maxWireVersion=21, maxDocumentSize=16777216, logicalSessionTimeoutMinutes=30, roundTripTimeNanos=377975166, setName='atlas-ybqwjd-shard-0', canonicalAddress=ac-wk3ugyb-shard-00-01.ousok1o.mongodb.net:27017, hosts=[ac-wk3ugyb-shard-00-02.ousok1o.mongodb.net:27017, ac-wk3ugyb-shard-00-01.ousok1o.mongodb.net:27017, ac-wk3ugyb-shard-00-00.ousok1o.mongodb.net:27017], passives=[], arbiters=[], primary='ac-wk3ugyb-shard-00-02.ousok1o.mongodb.net:27017', tagSet=TagSet{[Tag{name='availabilityZone', value='use1-az1'}, Tag{name='diskState', value='READY'}, Tag{name='nodeType', value='ELECTABLE'}, Tag{name='provider', value='AWS'}, Tag{name='region', value='US_EAST_1'}, Tag{name='workloadType', value='OPERATIONAL'}]}, electionId=null, setVersion=122, topologyVersion=TopologyVersion{processId=66f0759088adb677341afc18, counter=3}, lastWriteDate=Mon Sep 23 18:02:46 CEST 2024, lastUpdateTimeNanos=20847045448208208}
2024-09-23T18:02:46.893+02:00  INFO 2921013 --- [cluster-ClusterId{value='66f19126bd3a0f39331c9fdc', description='Cluster0'}-ac-wk3ugyb-shard-00-02.ousok1o.mongodb.net:27017] org.mongodb.driver.cluster               : Monitor thread successfully connected to server with description ServerDescription{address=ac-wk3ugyb-shard-00-02.ousok1o.mongodb.net:27017, type=REPLICA_SET_PRIMARY, state=CONNECTED, ok=true, minWireVersion=0, maxWireVersion=21, maxDocumentSize=16777216, logicalSessionTimeoutMinutes=30, roundTripTimeNanos=373732711, setName='atlas-ybqwjd-shard-0', canonicalAddress=ac-wk3ugyb-shard-00-02.ousok1o.mongodb.net:27017, hosts=[ac-wk3ugyb-shard-00-02.ousok1o.mongodb.net:27017, ac-wk3ugyb-shard-00-01.ousok1o.mongodb.net:27017, ac-wk3ugyb-shard-00-00.ousok1o.mongodb.net:27017], passives=[], arbiters=[], primary='ac-wk3ugyb-shard-00-02.ousok1o.mongodb.net:27017', tagSet=TagSet{[Tag{name='availabilityZone', value='use1-az2'}, Tag{name='diskState', value='READY'}, Tag{name='nodeType', value='ELECTABLE'}, Tag{name='provider', value='AWS'}, Tag{name='region', value='US_EAST_1'}, Tag{name='workloadType', value='OPERATIONAL'}]}, electionId=7fffffff000000000000019c, setVersion=122, topologyVersion=TopologyVersion{processId=66f0735984ccb1187c0982cc, counter=6}, lastWriteDate=Mon Sep 23 18:02:46 CEST 2024, lastUpdateTimeNanos=20847045448208028}
2024-09-23T18:02:46.893+02:00  INFO 2921013 --- [cluster-ClusterId{value='66f19126bd3a0f39331c9fdc', description='Cluster0'}-ac-wk3ugyb-shard-00-00.ousok1o.mongodb.net:27017] org.mongodb.driver.cluster               : Monitor thread successfully connected to server with description ServerDescription{address=ac-wk3ugyb-shard-00-00.ousok1o.mongodb.net:27017, type=REPLICA_SET_SECONDARY, state=CONNECTED, ok=true, minWireVersion=0, maxWireVersion=21, maxDocumentSize=16777216, logicalSessionTimeoutMinutes=30, roundTripTimeNanos=377980183, setName='atlas-ybqwjd-shard-0', canonicalAddress=ac-wk3ugyb-shard-00-00.ousok1o.mongodb.net:27017, hosts=[ac-wk3ugyb-shard-00-02.ousok1o.mongodb.net:27017, ac-wk3ugyb-shard-00-01.ousok1o.mongodb.net:27017, ac-wk3ugyb-shard-00-00.ousok1o.mongodb.net:27017], passives=[], arbiters=[], primary='ac-wk3ugyb-shard-00-02.ousok1o.mongodb.net:27017', tagSet=TagSet{[Tag{name='availabilityZone', value='use1-az6'}, Tag{name='diskState', value='READY'}, Tag{name='nodeType', value='ELECTABLE'}, Tag{name='provider', value='AWS'}, Tag{name='region', value='US_EAST_1'}, Tag{name='workloadType', value='OPERATIONAL'}]}, electionId=null, setVersion=122, topologyVersion=TopologyVersion{processId=66f0744d9bf8ede1ce1ed89f, counter=4}, lastWriteDate=Mon Sep 23 18:02:46 CEST 2024, lastUpdateTimeNanos=20847045448213265}
2024-09-23T18:02:46.898+02:00  INFO 2921013 --- [cluster-ClusterId{value='66f19126bd3a0f39331c9fdc', description='Cluster0'}-ac-wk3ugyb-shard-00-02.ousok1o.mongodb.net:27017] org.mongodb.driver.cluster               : Discovered replica set primary ac-wk3ugyb-shard-00-02.ousok1o.mongodb.net:27017 with max election id 7fffffff000000000000019c and max set version 122
2024-09-23T18:02:46.926+02:00  INFO 2921013 --- [main] o.s.s.web.DefaultSecurityFilterChain     : Will secure any request with [org.springframework.security.web.session.DisableEncodeUrlFilter@2299d903, org.springframework.security.web.context.request.async.WebAsyncManagerIntegrationFilter@70c56434, org.springframework.security.web.context.SecurityContextHolderFilter@3feebf9c, org.springframework.security.web.header.HeaderWriterFilter@5a6f6cac, org.springframework.web.filter.CorsFilter@748ac6f3, org.springframework.security.web.authentication.logout.LogoutFilter@224e6e88, org.taniwha.security.JwtRequestFilter@6d091cad, org.springframework.security.web.savedrequest.RequestCacheAwareFilter@55e42684, org.springframework.security.web.servletapi.SecurityContextHolderAwareRequestFilter@38ef1a0a, org.springframework.security.web.authentication.AnonymousAuthenticationFilter@2c3f43d1, org.springframework.security.web.session.SessionManagementFilter@4269aad7, org.springframework.security.web.access.ExceptionTranslationFilter@11bdab37, org.springframework.security.web.access.intercept.AuthorizationFilter@14590fe2]
2024-09-23T18:02:47.128+02:00  INFO 2921013 --- [main] o.s.b.w.embedded.tomcat.TomcatWebServer  : Tomcat started on port 8088 (http) with context path '/taniwha'
2024-09-23T18:02:47.139+02:00  INFO 2921013 --- [main] org.taniwha.Application                  : Started Application in 2.59 seconds (process running for 2.949)
2024-09-23T18:02:47.857+02:00 DEBUG 2921013 --- [scheduling-1] o.t.service.NodeHealthCheckService       : Initialized heartbeat for node 66f18d316280391c83413f62 at 2024-09-23T16:02:47.143422858Z
2024-09-23T18:02:54.481+02:00  INFO 2921013 --- [http-nio-8088-exec-1] o.a.c.c.C.[.[localhost].[/taniwha]       : Initializing Spring DispatcherServlet 'dispatcherServlet'
2024-09-23T18:02:54.482+02:00  INFO 2921013 --- [http-nio-8088-exec-1] o.s.web.servlet.DispatcherServlet        : Initializing Servlet 'dispatcherServlet'
2024-09-23T18:02:54.483+02:00  INFO 2921013 --- [http-nio-8088-exec-1] o.s.web.servlet.DispatcherServlet        : Completed initialization in 1 ms
2024-09-23T18:02:54.967+02:00 DEBUG 2921013 --- [http-nio-8088-exec-1] o.t.controller.NodeManagerController     : Heartbeat received for node: 66f18d316280391c83413f62
2024-09-23T18:03:42.823+02:00 DEBUG 2921013 --- [http-nio-8088-exec-3] org.taniwha.service.KerberosService      : Principal deleted: HTTP/localhost@TANIWHA-REALM
2024-09-23T18:03:42.824+02:00 DEBUG 2921013 --- [http-nio-8088-exec-3] org.taniwha.service.KerberosService      : Keytab file deleted: /pool_discos_hdd/data/datos-danibanez/taniwha/TANIWHA_Backend/kerby/HTTP_localhost@TANIWHA-REALM.keytab
2024-09-23T18:03:43.158+02:00 DEBUG 2921013 --- [http-nio-8088-exec-3] org.taniwha.service.KerberosService      : New principal created: HTTP/localhost@TANIWHA-REALM EuDqmEsxOnPA4xTw
2024-09-23T18:03:43.163+02:00 DEBUG 2921013 --- [http-nio-8088-exec-3] org.taniwha.service.KerberosService      : Keytab exported: /pool_discos_hdd/data/datos-danibanez/taniwha/TANIWHA_Backend/kerby/HTTP_localhost@TANIWHA-REALM.keytab
2024-09-23T18:03:43.163+02:00  INFO 2921013 --- [http-nio-8088-exec-3] o.t.controller.NodeManagerController     : New node registered: SCUBA (66f1915ed742886d643d7a44)
2024-09-23T18:03:43.496+02:00 DEBUG 2921013 --- [http-nio-8088-exec-4] o.t.controller.NodeManagerController     : Heartbeat received for node: 66f1915ed742886d643d7a44
2024-09-23T18:04:43.489+02:00 DEBUG 2921013 --- [http-nio-8088-exec-5] o.t.controller.NodeManagerController     : Heartbeat received for node: 66f1915ed742886d643d7a44
2024-09-23T18:05:43.496+02:00 DEBUG 2921013 --- [http-nio-8088-exec-6] o.t.controller.NodeManagerController     : Heartbeat received for node: 66f1915ed742886d643d7a44
2024-09-23T18:06:43.490+02:00 DEBUG 2921013 --- [http-nio-8088-exec-7] o.t.controller.NodeManagerController     : Heartbeat received for node: 66f1915ed742886d643d7a44
2024-09-23T18:07:43.508+02:00 DEBUG 2921013 --- [http-nio-8088-exec-8] o.t.controller.NodeManagerController     : Heartbeat received for node: 66f1915ed742886d643d7a44
2024-09-23T18:08:43.494+02:00 DEBUG 2921013 --- [http-nio-8088-exec-9] o.t.controller.NodeManagerController     : Heartbeat received for node: 66f1915ed742886d643d7a44
2024-09-23T18:09:43.490+02:00 DEBUG 2921013 --- [http-nio-8088-exec-10] o.t.controller.NodeManagerController     : Heartbeat received for node: 66f1915ed742886d643d7a44
2024-09-23T18:10:43.489+02:00 DEBUG 2921013 --- [http-nio-8088-exec-1] o.t.controller.NodeManagerController     : Heartbeat received for node: 66f1915ed742886d643d7a44
2024-09-23T18:11:43.488+02:00 DEBUG 2921013 --- [http-nio-8088-exec-2] o.t.controller.NodeManagerController     : Heartbeat received for node: 66f1915ed742886d643d7a44
2024-09-23T18:12:43.492+02:00 DEBUG 2921013 --- [http-nio-8088-exec-3] o.t.controller.NodeManagerController     : Heartbeat received for node: 66f1915ed742886d643d7a44
2024-09-23T18:13:43.495+02:00 DEBUG 2921013 --- [http-nio-8088-exec-4] o.t.controller.NodeManagerController     : Heartbeat received for node: 66f1915ed742886d643d7a44
2024-09-23T18:14:43.486+02:00 DEBUG 2921013 --- [http-nio-8088-exec-5] o.t.controller.NodeManagerController     : Heartbeat received for node: 66f1915ed742886d643d7a44
2024-09-23T18:15:43.487+02:00 DEBUG 2921013 --- [http-nio-8088-exec-6] o.t.controller.NodeManagerController     : Heartbeat received for node: 66f1915ed742886d643d7a44
2024-09-23T18:16:43.495+02:00 DEBUG 2921013 --- [http-nio-8088-exec-7] o.t.controller.NodeManagerController     : Heartbeat received for node: 66f1915ed742886d643d7a44
2024-09-23T18:17:43.489+02:00 DEBUG 2921013 --- [http-nio-8088-exec-8] o.t.controller.NodeManagerController     : Heartbeat received for node: 66f1915ed742886d643d7a44
2024-09-23T18:18:43.489+02:00 DEBUG 2921013 --- [http-nio-8088-exec-9] o.t.controller.NodeManagerController     : Heartbeat received for node: 66f1915ed742886d643d7a44
2024-09-23T18:19:43.493+02:00 DEBUG 2921013 --- [http-nio-8088-exec-10] o.t.controller.NodeManagerController     : Heartbeat received for node: 66f1915ed742886d643d7a44
2024-09-23T18:20:43.491+02:00 DEBUG 2921013 --- [http-nio-8088-exec-1] o.t.controller.NodeManagerController     : Heartbeat received for node: 66f1915ed742886d643d7a44
2024-09-23T18:21:43.487+02:00 DEBUG 2921013 --- [http-nio-8088-exec-2] o.t.controller.NodeManagerController     : Heartbeat received for node: 66f1915ed742886d643d7a44
2024-09-23T18:22:43.485+02:00 DEBUG 2921013 --- [http-nio-8088-exec-3] o.t.controller.NodeManagerController     : Heartbeat received for node: 66f1915ed742886d643d7a44
2024-09-23T18:23:43.488+02:00 DEBUG 2921013 --- [http-nio-8088-exec-4] o.t.controller.NodeManagerController     : Heartbeat received for node: 66f1915ed742886d643d7a44
